{"C:\\Users\\eg3ca\\OneDrive\\Documentos\\GitHub\\123receitas.com\\Backend\\api\\controllers\\AuthController.js": {"path":"C:\\Users\\eg3ca\\OneDrive\\Documentos\\GitHub\\123receitas.com\\Backend\\api\\controllers\\AuthController.js","statementMap":{"0":{"start":{"line":1,"column":12},"end":{"line":1,"column":35}},"1":{"start":{"line":2,"column":15},"end":{"line":2,"column":32}},"2":{"start":{"line":4,"column":0},"end":{"line":59,"column":2}},"3":{"start":{"line":6,"column":4},"end":{"line":39,"column":5}},"4":{"start":{"line":7,"column":31},"end":{"line":7,"column":39}},"5":{"start":{"line":9,"column":6},"end":{"line":11,"column":7}},"6":{"start":{"line":10,"column":8},"end":{"line":10,"column":81}},"7":{"start":{"line":13,"column":22},"end":{"line":13,"column":54}},"8":{"start":{"line":14,"column":6},"end":{"line":16,"column":7}},"9":{"start":{"line":15,"column":8},"end":{"line":15,"column":73}},"10":{"start":{"line":18,"column":26},"end":{"line":18,"column":68}},"11":{"start":{"line":19,"column":6},"end":{"line":21,"column":7}},"12":{"start":{"line":20,"column":8},"end":{"line":20,"column":66}},"13":{"start":{"line":23,"column":20},"end":{"line":27,"column":7}},"14":{"start":{"line":29,"column":47},"end":{"line":29,"column":54}},"15":{"start":{"line":31,"column":19},"end":{"line":31,"column":67}},"16":{"start":{"line":32,"column":6},"end":{"line":34,"column":15}},"17":{"start":{"line":36,"column":6},"end":{"line":36,"column":59}},"18":{"start":{"line":38,"column":6},"end":{"line":38,"column":94}},"19":{"start":{"line":43,"column":4},"end":{"line":57,"column":5}},"20":{"start":{"line":44,"column":22},"end":{"line":44,"column":83}},"21":{"start":{"line":45,"column":6},"end":{"line":47,"column":7}},"22":{"start":{"line":46,"column":8},"end":{"line":46,"column":73}},"23":{"start":{"line":49,"column":19},"end":{"line":49,"column":71}},"24":{"start":{"line":50,"column":6},"end":{"line":52,"column":15}},"25":{"start":{"line":54,"column":6},"end":{"line":54,"column":31}},"26":{"start":{"line":56,"column":6},"end":{"line":56,"column":94}}},"fnMap":{"0":{"name":"(anonymous_0)","decl":{"start":{"line":5,"column":9},"end":{"line":5,"column":10}},"loc":{"start":{"line":5,"column":29},"end":{"line":40,"column":3}},"line":5},"1":{"name":"(anonymous_1)","decl":{"start":{"line":42,"column":6},"end":{"line":42,"column":7}},"loc":{"start":{"line":42,"column":26},"end":{"line":58,"column":3}},"line":42}},"branchMap":{"0":{"loc":{"start":{"line":9,"column":6},"end":{"line":11,"column":7}},"type":"if","locations":[{"start":{"line":9,"column":6},"end":{"line":11,"column":7}},{"start":{},"end":{}}],"line":9},"1":{"loc":{"start":{"line":9,"column":10},"end":{"line":9,"column":26}},"type":"binary-expr","locations":[{"start":{"line":9,"column":10},"end":{"line":9,"column":16}},{"start":{"line":9,"column":20},"end":{"line":9,"column":26}}],"line":9},"2":{"loc":{"start":{"line":14,"column":6},"end":{"line":16,"column":7}},"type":"if","locations":[{"start":{"line":14,"column":6},"end":{"line":16,"column":7}},{"start":{},"end":{}}],"line":14},"3":{"loc":{"start":{"line":19,"column":6},"end":{"line":21,"column":7}},"type":"if","locations":[{"start":{"line":19,"column":6},"end":{"line":21,"column":7}},{"start":{},"end":{}}],"line":19},"4":{"loc":{"start":{"line":32,"column":31},"end":{"line":34,"column":14}},"type":"cond-expr","locations":[{"start":{"line":33,"column":10},"end":{"line":33,"column":60}},{"start":{"line":34,"column":10},"end":{"line":34,"column":14}}],"line":32},"5":{"loc":{"start":{"line":45,"column":6},"end":{"line":47,"column":7}},"type":"if","locations":[{"start":{"line":45,"column":6},"end":{"line":47,"column":7}},{"start":{},"end":{}}],"line":45},"6":{"loc":{"start":{"line":50,"column":23},"end":{"line":52,"column":14}},"type":"cond-expr","locations":[{"start":{"line":51,"column":10},"end":{"line":51,"column":64}},{"start":{"line":52,"column":10},"end":{"line":52,"column":14}}],"line":50}},"s":{"0":10,"1":10,"2":10,"3":32,"4":32,"5":32,"6":2,"7":30,"8":30,"9":2,"10":28,"11":28,"12":2,"13":26,"14":26,"15":26,"16":26,"17":26,"18":0,"19":2,"20":2,"21":2,"22":0,"23":2,"24":2,"25":2,"26":0},"f":{"0":32,"1":2},"b":{"0":[2,30],"1":[32,30],"2":[2,28],"3":[2,26],"4":[2,24],"5":[0,2],"6":[0,2]},"inputSourceMap":null,"_coverageSchema":"1a1c01bbd47fc00a2c39e90264f33305004495a9","hash":"e88e5f7a73d95be51e8080b69d9ba6625e35c236"}
,"C:\\Users\\eg3ca\\OneDrive\\Documentos\\GitHub\\123receitas.com\\Backend\\api\\controllers\\CategoriaController.js": {"path":"C:\\Users\\eg3ca\\OneDrive\\Documentos\\GitHub\\123receitas.com\\Backend\\api\\controllers\\CategoriaController.js","statementMap":{"0":{"start":{"line":1,"column":0},"end":{"line":66,"column":4}},"1":{"start":{"line":3,"column":6},"end":{"line":15,"column":7}},"2":{"start":{"line":4,"column":8},"end":{"line":6,"column":9}},"3":{"start":{"line":5,"column":10},"end":{"line":5,"column":84}},"4":{"start":{"line":8,"column":30},"end":{"line":10,"column":18}},"5":{"start":{"line":12,"column":8},"end":{"line":12,"column":51}},"6":{"start":{"line":14,"column":8},"end":{"line":14,"column":98}},"7":{"start":{"line":19,"column":6},"end":{"line":24,"column":7}},"8":{"start":{"line":20,"column":27},"end":{"line":20,"column":82}},"9":{"start":{"line":21,"column":8},"end":{"line":21,"column":36}},"10":{"start":{"line":23,"column":8},"end":{"line":23,"column":100}},"11":{"start":{"line":28,"column":6},"end":{"line":36,"column":7}},"12":{"start":{"line":29,"column":26},"end":{"line":29,"column":72}},"13":{"start":{"line":30,"column":8},"end":{"line":32,"column":9}},"14":{"start":{"line":31,"column":10},"end":{"line":31,"column":76}},"15":{"start":{"line":33,"column":8},"end":{"line":33,"column":35}},"16":{"start":{"line":35,"column":8},"end":{"line":35,"column":99}},"17":{"start":{"line":40,"column":6},"end":{"line":52,"column":7}},"18":{"start":{"line":41,"column":36},"end":{"line":43,"column":10}},"19":{"start":{"line":45,"column":8},"end":{"line":47,"column":9}},"20":{"start":{"line":46,"column":10},"end":{"line":46,"column":76}},"21":{"start":{"line":49,"column":8},"end":{"line":49,"column":106}},"22":{"start":{"line":51,"column":8},"end":{"line":51,"column":102}},"23":{"start":{"line":56,"column":6},"end":{"line":64,"column":7}},"24":{"start":{"line":57,"column":34},"end":{"line":57,"column":83}},"25":{"start":{"line":58,"column":8},"end":{"line":60,"column":9}},"26":{"start":{"line":59,"column":10},"end":{"line":59,"column":76}},"27":{"start":{"line":61,"column":8},"end":{"line":61,"column":72}},"28":{"start":{"line":63,"column":8},"end":{"line":63,"column":100}}},"fnMap":{"0":{"name":"(anonymous_0)","decl":{"start":{"line":2,"column":12},"end":{"line":2,"column":13}},"loc":{"start":{"line":2,"column":38},"end":{"line":16,"column":5}},"line":2},"1":{"name":"(anonymous_1)","decl":{"start":{"line":18,"column":13},"end":{"line":18,"column":14}},"loc":{"start":{"line":18,"column":39},"end":{"line":25,"column":5}},"line":18},"2":{"name":"(anonymous_2)","decl":{"start":{"line":27,"column":13},"end":{"line":27,"column":14}},"loc":{"start":{"line":27,"column":39},"end":{"line":37,"column":5}},"line":27},"3":{"name":"(anonymous_3)","decl":{"start":{"line":39,"column":12},"end":{"line":39,"column":13}},"loc":{"start":{"line":39,"column":38},"end":{"line":53,"column":5}},"line":39},"4":{"name":"(anonymous_4)","decl":{"start":{"line":55,"column":12},"end":{"line":55,"column":13}},"loc":{"start":{"line":55,"column":38},"end":{"line":65,"column":5}},"line":55}},"branchMap":{"0":{"loc":{"start":{"line":4,"column":8},"end":{"line":6,"column":9}},"type":"if","locations":[{"start":{"line":4,"column":8},"end":{"line":6,"column":9}},{"start":{},"end":{}}],"line":4},"1":{"loc":{"start":{"line":30,"column":8},"end":{"line":32,"column":9}},"type":"if","locations":[{"start":{"line":30,"column":8},"end":{"line":32,"column":9}},{"start":{},"end":{}}],"line":30},"2":{"loc":{"start":{"line":45,"column":8},"end":{"line":47,"column":9}},"type":"if","locations":[{"start":{"line":45,"column":8},"end":{"line":47,"column":9}},{"start":{},"end":{}}],"line":45},"3":{"loc":{"start":{"line":58,"column":8},"end":{"line":60,"column":9}},"type":"if","locations":[{"start":{"line":58,"column":8},"end":{"line":60,"column":9}},{"start":{},"end":{}}],"line":58}},"s":{"0":10,"1":6,"2":6,"3":0,"4":6,"5":6,"6":0,"7":2,"8":2,"9":2,"10":0,"11":2,"12":2,"13":2,"14":0,"15":2,"16":0,"17":2,"18":2,"19":2,"20":0,"21":2,"22":0,"23":4,"24":4,"25":4,"26":2,"27":2,"28":0},"f":{"0":6,"1":2,"2":2,"3":2,"4":4},"b":{"0":[0,6],"1":[0,2],"2":[0,2],"3":[2,2]},"inputSourceMap":null,"_coverageSchema":"1a1c01bbd47fc00a2c39e90264f33305004495a9","hash":"fe961fcc30ac0a1f59acd7e70707abcd8baad13f"}
,"C:\\Users\\eg3ca\\OneDrive\\Documentos\\GitHub\\123receitas.com\\Backend\\api\\controllers\\ReceitaCategoriasController.js": {"path":"C:\\Users\\eg3ca\\OneDrive\\Documentos\\GitHub\\123receitas.com\\Backend\\api\\controllers\\ReceitaCategoriasController.js","statementMap":{"0":{"start":{"line":1,"column":0},"end":{"line":39,"column":4}},"1":{"start":{"line":3,"column":6},"end":{"line":13,"column":7}},"2":{"start":{"line":4,"column":31},"end":{"line":7,"column":18}},"3":{"start":{"line":9,"column":8},"end":{"line":9,"column":52}},"4":{"start":{"line":11,"column":8},"end":{"line":11,"column":29}},"5":{"start":{"line":12,"column":8},"end":{"line":12,"column":99}},"6":{"start":{"line":17,"column":6},"end":{"line":22,"column":7}},"7":{"start":{"line":18,"column":28},"end":{"line":18,"column":100}},"8":{"start":{"line":19,"column":8},"end":{"line":19,"column":37}},"9":{"start":{"line":21,"column":8},"end":{"line":21,"column":101}},"10":{"start":{"line":26,"column":6},"end":{"line":37,"column":7}},"11":{"start":{"line":27,"column":19},"end":{"line":27,"column":32}},"12":{"start":{"line":28,"column":35},"end":{"line":28,"column":77}},"13":{"start":{"line":30,"column":8},"end":{"line":32,"column":9}},"14":{"start":{"line":31,"column":10},"end":{"line":31,"column":77}},"15":{"start":{"line":34,"column":8},"end":{"line":34,"column":73}},"16":{"start":{"line":36,"column":8},"end":{"line":36,"column":101}}},"fnMap":{"0":{"name":"(anonymous_0)","decl":{"start":{"line":2,"column":12},"end":{"line":2,"column":13}},"loc":{"start":{"line":2,"column":38},"end":{"line":14,"column":5}},"line":2},"1":{"name":"(anonymous_1)","decl":{"start":{"line":16,"column":13},"end":{"line":16,"column":14}},"loc":{"start":{"line":16,"column":39},"end":{"line":23,"column":5}},"line":16},"2":{"name":"(anonymous_2)","decl":{"start":{"line":25,"column":12},"end":{"line":25,"column":13}},"loc":{"start":{"line":25,"column":38},"end":{"line":38,"column":5}},"line":25}},"branchMap":{"0":{"loc":{"start":{"line":30,"column":8},"end":{"line":32,"column":9}},"type":"if","locations":[{"start":{"line":30,"column":8},"end":{"line":32,"column":9}},{"start":{},"end":{}}],"line":30}},"s":{"0":10,"1":2,"2":2,"3":2,"4":0,"5":0,"6":2,"7":2,"8":2,"9":0,"10":4,"11":4,"12":4,"13":4,"14":2,"15":2,"16":0},"f":{"0":2,"1":2,"2":4},"b":{"0":[2,2]},"inputSourceMap":null,"_coverageSchema":"1a1c01bbd47fc00a2c39e90264f33305004495a9","hash":"8e12ddf8133467b824dc31328c5a9f7b42704f67"}
,"C:\\Users\\eg3ca\\OneDrive\\Documentos\\GitHub\\123receitas.com\\Backend\\api\\controllers\\ReceitaController.js": {"path":"C:\\Users\\eg3ca\\OneDrive\\Documentos\\GitHub\\123receitas.com\\Backend\\api\\controllers\\ReceitaController.js","statementMap":{"0":{"start":{"line":1,"column":11},"end":{"line":1,"column":24}},"1":{"start":{"line":3,"column":0},"end":{"line":239,"column":4}},"2":{"start":{"line":6,"column":6},"end":{"line":73,"column":7}},"3":{"start":{"line":8,"column":8},"end":{"line":8,"column":47}},"4":{"start":{"line":11,"column":28},"end":{"line":20,"column":18}},"5":{"start":{"line":23,"column":25},"end":{"line":23,"column":42}},"6":{"start":{"line":24,"column":8},"end":{"line":42,"column":9}},"7":{"start":{"line":25,"column":10},"end":{"line":41,"column":13}},"8":{"start":{"line":26,"column":12},"end":{"line":40,"column":15}},"9":{"start":{"line":30,"column":14},"end":{"line":30,"column":42}},"10":{"start":{"line":30,"column":23},"end":{"line":30,"column":42}},"11":{"start":{"line":33,"column":38},"end":{"line":36,"column":17}},"12":{"start":{"line":33,"column":77},"end":{"line":36,"column":15}},"13":{"start":{"line":38,"column":14},"end":{"line":38,"column":60}},"14":{"start":{"line":39,"column":14},"end":{"line":39,"column":24}},"15":{"start":{"line":45,"column":8},"end":{"line":66,"column":9}},"16":{"start":{"line":46,"column":27},"end":{"line":46,"column":46}},"17":{"start":{"line":48,"column":10},"end":{"line":55,"column":11}},"18":{"start":{"line":49,"column":12},"end":{"line":54,"column":13}},"19":{"start":{"line":50,"column":14},"end":{"line":50,"column":49}},"20":{"start":{"line":52,"column":14},"end":{"line":52,"column":94}},"21":{"start":{"line":53,"column":14},"end":{"line":53,"column":29}},"22":{"start":{"line":57,"column":10},"end":{"line":65,"column":11}},"23":{"start":{"line":58,"column":41},"end":{"line":61,"column":15}},"24":{"start":{"line":58,"column":72},"end":{"line":61,"column":13}},"25":{"start":{"line":62,"column":12},"end":{"line":62,"column":69}},"26":{"start":{"line":64,"column":12},"end":{"line":64,"column":84}},"27":{"start":{"line":68,"column":8},"end":{"line":68,"column":49}},"28":{"start":{"line":71,"column":8},"end":{"line":71,"column":55}},"29":{"start":{"line":72,"column":8},"end":{"line":72,"column":96}},"30":{"start":{"line":77,"column":6},"end":{"line":82,"column":7}},"31":{"start":{"line":78,"column":25},"end":{"line":78,"column":65}},"32":{"start":{"line":79,"column":8},"end":{"line":79,"column":34}},"33":{"start":{"line":81,"column":8},"end":{"line":81,"column":98}},"34":{"start":{"line":85,"column":21},"end":{"line":85,"column":34}},"35":{"start":{"line":86,"column":6},"end":{"line":88,"column":7}},"36":{"start":{"line":87,"column":8},"end":{"line":87,"column":77}},"37":{"start":{"line":90,"column":6},"end":{"line":164,"column":7}},"38":{"start":{"line":92,"column":25},"end":{"line":95,"column":28}},"39":{"start":{"line":98,"column":29},"end":{"line":104,"column":9}},"40":{"start":{"line":101,"column":14},"end":{"line":101,"column":48}},"41":{"start":{"line":101,"column":36},"end":{"line":101,"column":47}},"42":{"start":{"line":106,"column":36},"end":{"line":106,"column":78}},"43":{"start":{"line":107,"column":32},"end":{"line":107,"column":34}},"44":{"start":{"line":108,"column":8},"end":{"line":110,"column":11}},"45":{"start":{"line":109,"column":10},"end":{"line":109,"column":51}},"46":{"start":{"line":113,"column":25},"end":{"line":113,"column":69}},"47":{"start":{"line":114,"column":28},"end":{"line":114,"column":92}},"48":{"start":{"line":117,"column":34},"end":{"line":159,"column":10}},"49":{"start":{"line":119,"column":34},"end":{"line":131,"column":28}},"50":{"start":{"line":121,"column":14},"end":{"line":124,"column":15}},"51":{"start":{"line":122,"column":16},"end":{"line":122,"column":72}},"52":{"start":{"line":123,"column":16},"end":{"line":123,"column":28}},"53":{"start":{"line":125,"column":27},"end":{"line":125,"column":55}},"54":{"start":{"line":126,"column":14},"end":{"line":128,"column":15}},"55":{"start":{"line":127,"column":16},"end":{"line":127,"column":86}},"56":{"start":{"line":129,"column":14},"end":{"line":129,"column":26}},"57":{"start":{"line":134,"column":26},"end":{"line":134,"column":98}},"58":{"start":{"line":134,"column":53},"end":{"line":134,"column":97}},"59":{"start":{"line":136,"column":10},"end":{"line":158,"column":12}},"60":{"start":{"line":161,"column":8},"end":{"line":161,"column":43}},"61":{"start":{"line":163,"column":8},"end":{"line":163,"column":98}},"62":{"start":{"line":168,"column":6},"end":{"line":176,"column":7}},"63":{"start":{"line":169,"column":24},"end":{"line":169,"column":88}},"64":{"start":{"line":170,"column":8},"end":{"line":172,"column":9}},"65":{"start":{"line":171,"column":10},"end":{"line":171,"column":74}},"66":{"start":{"line":173,"column":8},"end":{"line":173,"column":33}},"67":{"start":{"line":175,"column":8},"end":{"line":175,"column":97}},"68":{"start":{"line":180,"column":6},"end":{"line":206,"column":7}},"69":{"start":{"line":181,"column":19},"end":{"line":181,"column":42}},"70":{"start":{"line":183,"column":24},"end":{"line":185,"column":33}},"71":{"start":{"line":187,"column":8},"end":{"line":189,"column":9}},"72":{"start":{"line":188,"column":10},"end":{"line":188,"column":74}},"73":{"start":{"line":192,"column":8},"end":{"line":200,"column":9}},"74":{"start":{"line":193,"column":10},"end":{"line":199,"column":13}},"75":{"start":{"line":194,"column":12},"end":{"line":198,"column":14}},"76":{"start":{"line":202,"column":8},"end":{"line":202,"column":33}},"77":{"start":{"line":204,"column":8},"end":{"line":204,"column":56}},"78":{"start":{"line":205,"column":8},"end":{"line":205,"column":97}},"79":{"start":{"line":210,"column":6},"end":{"line":218,"column":7}},"80":{"start":{"line":211,"column":34},"end":{"line":211,"column":94}},"81":{"start":{"line":212,"column":8},"end":{"line":214,"column":9}},"82":{"start":{"line":213,"column":10},"end":{"line":213,"column":74}},"83":{"start":{"line":215,"column":8},"end":{"line":215,"column":100}},"84":{"start":{"line":217,"column":8},"end":{"line":217,"column":100}},"85":{"start":{"line":222,"column":6},"end":{"line":237,"column":7}},"86":{"start":{"line":223,"column":19},"end":{"line":223,"column":42}},"87":{"start":{"line":226,"column":8},"end":{"line":226,"column":51}},"88":{"start":{"line":227,"column":8},"end":{"line":227,"column":57}},"89":{"start":{"line":229,"column":32},"end":{"line":229,"column":64}},"90":{"start":{"line":230,"column":8},"end":{"line":232,"column":9}},"91":{"start":{"line":231,"column":10},"end":{"line":231,"column":74}},"92":{"start":{"line":234,"column":8},"end":{"line":234,"column":70}},"93":{"start":{"line":236,"column":8},"end":{"line":236,"column":98}}},"fnMap":{"0":{"name":"(anonymous_0)","decl":{"start":{"line":5,"column":12},"end":{"line":5,"column":13}},"loc":{"start":{"line":5,"column":38},"end":{"line":74,"column":5}},"line":5},"1":{"name":"(anonymous_1)","decl":{"start":{"line":8,"column":37},"end":{"line":8,"column":38}},"loc":{"start":{"line":8,"column":43},"end":{"line":8,"column":45}},"line":8},"2":{"name":"(anonymous_2)","decl":{"start":{"line":25,"column":28},"end":{"line":25,"column":29}},"loc":{"start":{"line":25,"column":49},"end":{"line":41,"column":11}},"line":25},"3":{"name":"(anonymous_3)","decl":{"start":{"line":29,"column":15},"end":{"line":29,"column":16}},"loc":{"start":{"line":29,"column":51},"end":{"line":40,"column":13}},"line":29},"4":{"name":"(anonymous_4)","decl":{"start":{"line":33,"column":68},"end":{"line":33,"column":69}},"loc":{"start":{"line":33,"column":77},"end":{"line":36,"column":15}},"line":33},"5":{"name":"(anonymous_5)","decl":{"start":{"line":58,"column":56},"end":{"line":58,"column":57}},"loc":{"start":{"line":58,"column":72},"end":{"line":61,"column":13}},"line":58},"6":{"name":"(anonymous_6)","decl":{"start":{"line":76,"column":13},"end":{"line":76,"column":14}},"loc":{"start":{"line":76,"column":39},"end":{"line":83,"column":5}},"line":76},"7":{"name":"(anonymous_7)","decl":{"start":{"line":84,"column":19},"end":{"line":84,"column":20}},"loc":{"start":{"line":84,"column":45},"end":{"line":165,"column":5}},"line":84},"8":{"name":"(anonymous_8)","decl":{"start":{"line":100,"column":29},"end":{"line":100,"column":30}},"loc":{"start":{"line":101,"column":14},"end":{"line":101,"column":48}},"line":101},"9":{"name":"(anonymous_9)","decl":{"start":{"line":101,"column":31},"end":{"line":101,"column":32}},"loc":{"start":{"line":101,"column":36},"end":{"line":101,"column":47}},"line":101},"10":{"name":"(anonymous_10)","decl":{"start":{"line":108,"column":36},"end":{"line":108,"column":37}},"loc":{"start":{"line":108,"column":41},"end":{"line":110,"column":9}},"line":108},"11":{"name":"(anonymous_11)","decl":{"start":{"line":117,"column":47},"end":{"line":117,"column":48}},"loc":{"start":{"line":117,"column":54},"end":{"line":159,"column":9}},"line":117},"12":{"name":"(anonymous_12)","decl":{"start":{"line":120,"column":17},"end":{"line":120,"column":18}},"loc":{"start":{"line":120,"column":24},"end":{"line":130,"column":13}},"line":120},"13":{"name":"(anonymous_13)","decl":{"start":{"line":134,"column":46},"end":{"line":134,"column":47}},"loc":{"start":{"line":134,"column":53},"end":{"line":134,"column":97}},"line":134},"14":{"name":"(anonymous_14)","decl":{"start":{"line":167,"column":13},"end":{"line":167,"column":14}},"loc":{"start":{"line":167,"column":39},"end":{"line":177,"column":5}},"line":167},"15":{"name":"(anonymous_15)","decl":{"start":{"line":179,"column":13},"end":{"line":179,"column":14}},"loc":{"start":{"line":179,"column":39},"end":{"line":207,"column":5}},"line":179},"16":{"name":"(anonymous_16)","decl":{"start":{"line":193,"column":44},"end":{"line":193,"column":45}},"loc":{"start":{"line":193,"column":52},"end":{"line":199,"column":11}},"line":193},"17":{"name":"(anonymous_17)","decl":{"start":{"line":209,"column":12},"end":{"line":209,"column":13}},"loc":{"start":{"line":209,"column":38},"end":{"line":219,"column":5}},"line":209},"18":{"name":"(anonymous_18)","decl":{"start":{"line":221,"column":12},"end":{"line":221,"column":13}},"loc":{"start":{"line":221,"column":38},"end":{"line":238,"column":5}},"line":221}},"branchMap":{"0":{"loc":{"start":{"line":24,"column":8},"end":{"line":42,"column":9}},"type":"if","locations":[{"start":{"line":24,"column":8},"end":{"line":42,"column":9}},{"start":{},"end":{}}],"line":24},"1":{"loc":{"start":{"line":24,"column":12},"end":{"line":24,"column":50}},"type":"binary-expr","locations":[{"start":{"line":24,"column":12},"end":{"line":24,"column":20}},{"start":{"line":24,"column":24},"end":{"line":24,"column":50}}],"line":24},"2":{"loc":{"start":{"line":30,"column":14},"end":{"line":30,"column":42}},"type":"if","locations":[{"start":{"line":30,"column":14},"end":{"line":30,"column":42}},{"start":{},"end":{}}],"line":30},"3":{"loc":{"start":{"line":45,"column":8},"end":{"line":66,"column":9}},"type":"if","locations":[{"start":{"line":45,"column":8},"end":{"line":66,"column":9}},{"start":{},"end":{}}],"line":45},"4":{"loc":{"start":{"line":48,"column":10},"end":{"line":55,"column":11}},"type":"if","locations":[{"start":{"line":48,"column":10},"end":{"line":55,"column":11}},{"start":{},"end":{}}],"line":48},"5":{"loc":{"start":{"line":57,"column":10},"end":{"line":65,"column":11}},"type":"if","locations":[{"start":{"line":57,"column":10},"end":{"line":65,"column":11}},{"start":{"line":63,"column":17},"end":{"line":65,"column":11}}],"line":57},"6":{"loc":{"start":{"line":86,"column":6},"end":{"line":88,"column":7}},"type":"if","locations":[{"start":{"line":86,"column":6},"end":{"line":88,"column":7}},{"start":{},"end":{}}],"line":86},"7":{"loc":{"start":{"line":114,"column":28},"end":{"line":114,"column":92}},"type":"cond-expr","locations":[{"start":{"line":114,"column":39},"end":{"line":114,"column":85}},{"start":{"line":114,"column":88},"end":{"line":114,"column":92}}],"line":114},"8":{"loc":{"start":{"line":119,"column":35},"end":{"line":119,"column":53}},"type":"binary-expr","locations":[{"start":{"line":119,"column":35},"end":{"line":119,"column":47}},{"start":{"line":119,"column":51},"end":{"line":119,"column":53}}],"line":119},"9":{"loc":{"start":{"line":121,"column":14},"end":{"line":124,"column":15}},"type":"if","locations":[{"start":{"line":121,"column":14},"end":{"line":124,"column":15}},{"start":{},"end":{}}],"line":121},"10":{"loc":{"start":{"line":126,"column":14},"end":{"line":128,"column":15}},"type":"if","locations":[{"start":{"line":126,"column":14},"end":{"line":128,"column":15}},{"start":{},"end":{}}],"line":126},"11":{"loc":{"start":{"line":134,"column":27},"end":{"line":134,"column":40}},"type":"binary-expr","locations":[{"start":{"line":134,"column":27},"end":{"line":134,"column":34}},{"start":{"line":134,"column":38},"end":{"line":134,"column":40}}],"line":134},"12":{"loc":{"start":{"line":170,"column":8},"end":{"line":172,"column":9}},"type":"if","locations":[{"start":{"line":170,"column":8},"end":{"line":172,"column":9}},{"start":{},"end":{}}],"line":170},"13":{"loc":{"start":{"line":187,"column":8},"end":{"line":189,"column":9}},"type":"if","locations":[{"start":{"line":187,"column":8},"end":{"line":189,"column":9}},{"start":{},"end":{}}],"line":187},"14":{"loc":{"start":{"line":192,"column":8},"end":{"line":200,"column":9}},"type":"if","locations":[{"start":{"line":192,"column":8},"end":{"line":200,"column":9}},{"start":{},"end":{}}],"line":192},"15":{"loc":{"start":{"line":192,"column":12},"end":{"line":192,"column":53}},"type":"binary-expr","locations":[{"start":{"line":192,"column":12},"end":{"line":192,"column":25}},{"start":{"line":192,"column":29},"end":{"line":192,"column":53}}],"line":192},"16":{"loc":{"start":{"line":212,"column":8},"end":{"line":214,"column":9}},"type":"if","locations":[{"start":{"line":212,"column":8},"end":{"line":214,"column":9}},{"start":{},"end":{}}],"line":212},"17":{"loc":{"start":{"line":230,"column":8},"end":{"line":232,"column":9}},"type":"if","locations":[{"start":{"line":230,"column":8},"end":{"line":232,"column":9}},{"start":{},"end":{}}],"line":230}},"s":{"0":10,"1":10,"2":8,"3":8,"4":8,"5":8,"6":8,"7":6,"8":6,"9":6,"10":0,"11":6,"12":6,"13":5,"14":5,"15":7,"16":2,"17":2,"18":2,"19":2,"20":0,"21":0,"22":2,"23":2,"24":2,"25":2,"26":0,"27":7,"28":0,"29":0,"30":2,"31":2,"32":2,"33":0,"34":2,"35":2,"36":0,"37":2,"38":2,"39":2,"40":77,"41":67,"42":2,"43":2,"44":2,"45":4,"46":2,"47":2,"48":2,"49":77,"50":67,"51":0,"52":0,"53":67,"54":67,"55":0,"56":67,"57":77,"58":65,"59":77,"60":2,"61":0,"62":4,"63":4,"64":2,"65":1,"66":1,"67":2,"68":2,"69":2,"70":2,"71":2,"72":0,"73":2,"74":2,"75":2,"76":2,"77":0,"78":0,"79":2,"80":2,"81":1,"82":0,"83":1,"84":1,"85":2,"86":2,"87":2,"88":1,"89":1,"90":1,"91":0,"92":1,"93":1},"f":{"0":8,"1":8,"2":6,"3":6,"4":6,"5":2,"6":2,"7":2,"8":77,"9":67,"10":4,"11":77,"12":67,"13":65,"14":4,"15":2,"16":2,"17":2,"18":2},"b":{"0":[6,2],"1":[8,8],"2":[0,6],"3":[2,5],"4":[2,0],"5":[2,0],"6":[0,2],"7":[2,0],"8":[77,0],"9":[0,67],"10":[0,67],"11":[77,0],"12":[1,1],"13":[0,2],"14":[2,0],"15":[2,2],"16":[0,1],"17":[0,1]},"inputSourceMap":null,"_coverageSchema":"1a1c01bbd47fc00a2c39e90264f33305004495a9","hash":"33d3ae65ffe97947a9cfdb3c066e4010e89285ea"}
,"C:\\Users\\eg3ca\\OneDrive\\Documentos\\GitHub\\123receitas.com\\Backend\\api\\controllers\\ReceitaFotoController.js": {"path":"C:\\Users\\eg3ca\\OneDrive\\Documentos\\GitHub\\123receitas.com\\Backend\\api\\controllers\\ReceitaFotoController.js","statementMap":{"0":{"start":{"line":1,"column":0},"end":{"line":81,"column":4}},"1":{"start":{"line":3,"column":6},"end":{"line":18,"column":7}},"2":{"start":{"line":4,"column":29},"end":{"line":4,"column":53}},"3":{"start":{"line":6,"column":8},"end":{"line":8,"column":9}},"4":{"start":{"line":7,"column":10},"end":{"line":7,"column":91}},"5":{"start":{"line":10,"column":25},"end":{"line":13,"column":18}},"6":{"start":{"line":15,"column":8},"end":{"line":15,"column":46}},"7":{"start":{"line":17,"column":8},"end":{"line":17,"column":97}},"8":{"start":{"line":21,"column":6},"end":{"line":41,"column":7}},"9":{"start":{"line":22,"column":29},"end":{"line":22,"column":53}},"10":{"start":{"line":23,"column":26},"end":{"line":23,"column":39}},"11":{"start":{"line":24,"column":8},"end":{"line":26,"column":9}},"12":{"start":{"line":25,"column":10},"end":{"line":25,"column":68}},"13":{"start":{"line":28,"column":27},"end":{"line":28,"column":71}},"14":{"start":{"line":30,"column":31},"end":{"line":32,"column":10}},"15":{"start":{"line":34,"column":8},"end":{"line":36,"column":9}},"16":{"start":{"line":35,"column":10},"end":{"line":35,"column":89}},"17":{"start":{"line":38,"column":8},"end":{"line":38,"column":91}},"18":{"start":{"line":40,"column":8},"end":{"line":40,"column":97}},"19":{"start":{"line":45,"column":8},"end":{"line":63,"column":9}},"20":{"start":{"line":46,"column":31},"end":{"line":46,"column":55}},"21":{"start":{"line":47,"column":28},"end":{"line":47,"column":41}},"22":{"start":{"line":49,"column":24},"end":{"line":49,"column":71}},"23":{"start":{"line":50,"column":10},"end":{"line":52,"column":11}},"24":{"start":{"line":51,"column":12},"end":{"line":51,"column":95}},"25":{"start":{"line":54,"column":32},"end":{"line":58,"column":13}},"26":{"start":{"line":54,"column":51},"end":{"line":58,"column":11}},"27":{"start":{"line":60,"column":10},"end":{"line":60,"column":41}},"28":{"start":{"line":62,"column":10},"end":{"line":62,"column":97}},"29":{"start":{"line":66,"column":4},"end":{"line":79,"column":5}},"30":{"start":{"line":67,"column":27},"end":{"line":67,"column":51}},"31":{"start":{"line":68,"column":21},"end":{"line":68,"column":34}},"32":{"start":{"line":69,"column":19},"end":{"line":69,"column":60}},"33":{"start":{"line":71,"column":6},"end":{"line":73,"column":7}},"34":{"start":{"line":72,"column":8},"end":{"line":72,"column":71}},"35":{"start":{"line":75,"column":6},"end":{"line":75,"column":44}},"36":{"start":{"line":76,"column":6},"end":{"line":76,"column":41}},"37":{"start":{"line":78,"column":6},"end":{"line":78,"column":105}}},"fnMap":{"0":{"name":"(anonymous_0)","decl":{"start":{"line":2,"column":12},"end":{"line":2,"column":13}},"loc":{"start":{"line":2,"column":38},"end":{"line":19,"column":5}},"line":2},"1":{"name":"(anonymous_1)","decl":{"start":{"line":20,"column":12},"end":{"line":20,"column":13}},"loc":{"start":{"line":20,"column":38},"end":{"line":42,"column":5}},"line":20},"2":{"name":"(anonymous_2)","decl":{"start":{"line":44,"column":13},"end":{"line":44,"column":14}},"loc":{"start":{"line":44,"column":39},"end":{"line":64,"column":5}},"line":44},"3":{"name":"(anonymous_3)","decl":{"start":{"line":54,"column":42},"end":{"line":54,"column":43}},"loc":{"start":{"line":54,"column":51},"end":{"line":58,"column":11}},"line":54},"4":{"name":"(anonymous_4)","decl":{"start":{"line":65,"column":10},"end":{"line":65,"column":11}},"loc":{"start":{"line":65,"column":36},"end":{"line":80,"column":3}},"line":65}},"branchMap":{"0":{"loc":{"start":{"line":6,"column":8},"end":{"line":8,"column":9}},"type":"if","locations":[{"start":{"line":6,"column":8},"end":{"line":8,"column":9}},{"start":{},"end":{}}],"line":6},"1":{"loc":{"start":{"line":6,"column":12},"end":{"line":6,"column":55}},"type":"binary-expr","locations":[{"start":{"line":6,"column":12},"end":{"line":6,"column":29}},{"start":{"line":6,"column":33},"end":{"line":6,"column":55}}],"line":6},"2":{"loc":{"start":{"line":24,"column":8},"end":{"line":26,"column":9}},"type":"if","locations":[{"start":{"line":24,"column":8},"end":{"line":26,"column":9}},{"start":{},"end":{}}],"line":24},"3":{"loc":{"start":{"line":34,"column":8},"end":{"line":36,"column":9}},"type":"if","locations":[{"start":{"line":34,"column":8},"end":{"line":36,"column":9}},{"start":{},"end":{}}],"line":34},"4":{"loc":{"start":{"line":50,"column":10},"end":{"line":52,"column":11}},"type":"if","locations":[{"start":{"line":50,"column":10},"end":{"line":52,"column":11}},{"start":{},"end":{}}],"line":50},"5":{"loc":{"start":{"line":50,"column":14},"end":{"line":50,"column":42}},"type":"binary-expr","locations":[{"start":{"line":50,"column":14},"end":{"line":50,"column":20}},{"start":{"line":50,"column":24},"end":{"line":50,"column":42}}],"line":50},"6":{"loc":{"start":{"line":71,"column":6},"end":{"line":73,"column":7}},"type":"if","locations":[{"start":{"line":71,"column":6},"end":{"line":73,"column":7}},{"start":{},"end":{}}],"line":71},"7":{"loc":{"start":{"line":71,"column":10},"end":{"line":71,"column":37}},"type":"binary-expr","locations":[{"start":{"line":71,"column":10},"end":{"line":71,"column":15}},{"start":{"line":71,"column":19},"end":{"line":71,"column":37}}],"line":71}},"s":{"0":10,"1":2,"2":2,"3":2,"4":0,"5":2,"6":2,"7":0,"8":2,"9":2,"10":2,"11":2,"12":0,"13":2,"14":2,"15":2,"16":0,"17":2,"18":0,"19":2,"20":2,"21":2,"22":2,"23":2,"24":0,"25":2,"26":2,"27":2,"28":0,"29":2,"30":2,"31":2,"32":2,"33":2,"34":0,"35":2,"36":2,"37":0},"f":{"0":2,"1":2,"2":2,"3":2,"4":2},"b":{"0":[0,2],"1":[2,2],"2":[0,2],"3":[0,2],"4":[0,2],"5":[2,2],"6":[0,2],"7":[2,2]},"inputSourceMap":null,"_coverageSchema":"1a1c01bbd47fc00a2c39e90264f33305004495a9","hash":"79a402524dc8d3c3c486e3606fcc51fdd1c22cda"}
,"C:\\Users\\eg3ca\\OneDrive\\Documentos\\GitHub\\123receitas.com\\Backend\\api\\controllers\\UploadController.js": {"path":"C:\\Users\\eg3ca\\OneDrive\\Documentos\\GitHub\\123receitas.com\\Backend\\api\\controllers\\UploadController.js","statementMap":{"0":{"start":{"line":1,"column":13},"end":{"line":1,"column":28}},"1":{"start":{"line":3,"column":0},"end":{"line":20,"column":2}},"2":{"start":{"line":5,"column":4},"end":{"line":18,"column":7}},"3":{"start":{"line":8,"column":6},"end":{"line":10,"column":7}},"4":{"start":{"line":9,"column":8},"end":{"line":9,"column":36}},"5":{"start":{"line":11,"column":6},"end":{"line":13,"column":7}},"6":{"start":{"line":12,"column":8},"end":{"line":12,"column":74}},"7":{"start":{"line":14,"column":6},"end":{"line":17,"column":9}}},"fnMap":{"0":{"name":"(anonymous_0)","decl":{"start":{"line":4,"column":15},"end":{"line":4,"column":16}},"loc":{"start":{"line":4,"column":35},"end":{"line":19,"column":3}},"line":4},"1":{"name":"(anonymous_1)","decl":{"start":{"line":7,"column":7},"end":{"line":7,"column":8}},"loc":{"start":{"line":7,"column":37},"end":{"line":18,"column":5}},"line":7}},"branchMap":{"0":{"loc":{"start":{"line":8,"column":6},"end":{"line":10,"column":7}},"type":"if","locations":[{"start":{"line":8,"column":6},"end":{"line":10,"column":7}},{"start":{},"end":{}}],"line":8},"1":{"loc":{"start":{"line":11,"column":6},"end":{"line":13,"column":7}},"type":"if","locations":[{"start":{"line":11,"column":6},"end":{"line":13,"column":7}},{"start":{},"end":{}}],"line":11},"2":{"loc":{"start":{"line":11,"column":10},"end":{"line":11,"column":54}},"type":"binary-expr","locations":[{"start":{"line":11,"column":10},"end":{"line":11,"column":24}},{"start":{"line":11,"column":28},"end":{"line":11,"column":54}}],"line":11}},"s":{"0":10,"1":10,"2":4,"3":4,"4":0,"5":4,"6":2,"7":2},"f":{"0":4,"1":4},"b":{"0":[0,4],"1":[2,2],"2":[4,4]},"inputSourceMap":null,"_coverageSchema":"1a1c01bbd47fc00a2c39e90264f33305004495a9","hash":"c0bb2daa26852b5286b448b52c7e1976cdf0c8cb"}
,"C:\\Users\\eg3ca\\OneDrive\\Documentos\\GitHub\\123receitas.com\\Backend\\api\\controllers\\UserFotoController.js": {"path":"C:\\Users\\eg3ca\\OneDrive\\Documentos\\GitHub\\123receitas.com\\Backend\\api\\controllers\\UserFotoController.js","statementMap":{"0":{"start":{"line":1,"column":0},"end":{"line":61,"column":4}},"1":{"start":{"line":3,"column":6},"end":{"line":23,"column":7}},"2":{"start":{"line":4,"column":26},"end":{"line":4,"column":29}},"3":{"start":{"line":5,"column":8},"end":{"line":7,"column":9}},"4":{"start":{"line":6,"column":10},"end":{"line":6,"column":94}},"5":{"start":{"line":9,"column":8},"end":{"line":11,"column":9}},"6":{"start":{"line":10,"column":10},"end":{"line":10,"column":81}},"7":{"start":{"line":13,"column":25},"end":{"line":16,"column":18}},"8":{"start":{"line":18,"column":8},"end":{"line":18,"column":46}},"9":{"start":{"line":21,"column":8},"end":{"line":21,"column":52}},"10":{"start":{"line":22,"column":8},"end":{"line":22,"column":93}},"11":{"start":{"line":26,"column":6},"end":{"line":42,"column":7}},"12":{"start":{"line":27,"column":26},"end":{"line":27,"column":39}},"13":{"start":{"line":28,"column":8},"end":{"line":30,"column":9}},"14":{"start":{"line":29,"column":10},"end":{"line":29,"column":68}},"15":{"start":{"line":31,"column":31},"end":{"line":33,"column":10}},"16":{"start":{"line":34,"column":8},"end":{"line":36,"column":9}},"17":{"start":{"line":35,"column":10},"end":{"line":35,"column":89}},"18":{"start":{"line":38,"column":8},"end":{"line":38,"column":91}},"19":{"start":{"line":41,"column":8},"end":{"line":41,"column":97}},"20":{"start":{"line":45,"column":8},"end":{"line":59,"column":9}},"21":{"start":{"line":46,"column":28},"end":{"line":46,"column":41}},"22":{"start":{"line":48,"column":23},"end":{"line":48,"column":70}},"23":{"start":{"line":49,"column":10},"end":{"line":51,"column":11}},"24":{"start":{"line":50,"column":12},"end":{"line":50,"column":91}},"25":{"start":{"line":52,"column":31},"end":{"line":52,"column":64}},"26":{"start":{"line":53,"column":10},"end":{"line":56,"column":13}},"27":{"start":{"line":58,"column":10},"end":{"line":58,"column":96}}},"fnMap":{"0":{"name":"(anonymous_0)","decl":{"start":{"line":2,"column":12},"end":{"line":2,"column":13}},"loc":{"start":{"line":2,"column":38},"end":{"line":24,"column":5}},"line":2},"1":{"name":"(anonymous_1)","decl":{"start":{"line":25,"column":12},"end":{"line":25,"column":13}},"loc":{"start":{"line":25,"column":38},"end":{"line":43,"column":5}},"line":25},"2":{"name":"(anonymous_2)","decl":{"start":{"line":44,"column":13},"end":{"line":44,"column":14}},"loc":{"start":{"line":44,"column":39},"end":{"line":60,"column":7}},"line":44}},"branchMap":{"0":{"loc":{"start":{"line":5,"column":8},"end":{"line":7,"column":9}},"type":"if","locations":[{"start":{"line":5,"column":8},"end":{"line":7,"column":9}},{"start":{},"end":{}}],"line":5},"1":{"loc":{"start":{"line":9,"column":8},"end":{"line":11,"column":9}},"type":"if","locations":[{"start":{"line":9,"column":8},"end":{"line":11,"column":9}},{"start":{},"end":{}}],"line":9},"2":{"loc":{"start":{"line":28,"column":8},"end":{"line":30,"column":9}},"type":"if","locations":[{"start":{"line":28,"column":8},"end":{"line":30,"column":9}},{"start":{},"end":{}}],"line":28},"3":{"loc":{"start":{"line":34,"column":8},"end":{"line":36,"column":9}},"type":"if","locations":[{"start":{"line":34,"column":8},"end":{"line":36,"column":9}},{"start":{},"end":{}}],"line":34},"4":{"loc":{"start":{"line":49,"column":10},"end":{"line":51,"column":11}},"type":"if","locations":[{"start":{"line":49,"column":10},"end":{"line":51,"column":11}},{"start":{},"end":{}}],"line":49}},"s":{"0":10,"1":6,"2":6,"3":6,"4":2,"5":4,"6":2,"7":2,"8":2,"9":0,"10":0,"11":6,"12":6,"13":6,"14":2,"15":4,"16":4,"17":2,"18":2,"19":0,"20":4,"21":4,"22":4,"23":4,"24":2,"25":2,"26":2,"27":0},"f":{"0":6,"1":6,"2":4},"b":{"0":[2,4],"1":[2,2],"2":[2,4],"3":[2,2],"4":[2,2]},"inputSourceMap":null,"_coverageSchema":"1a1c01bbd47fc00a2c39e90264f33305004495a9","hash":"894d8717585a18b6196fd6c79eeef415aeb4ea60"}
,"C:\\Users\\eg3ca\\OneDrive\\Documentos\\GitHub\\123receitas.com\\Backend\\api\\controllers\\UsuarioController.js": {"path":"C:\\Users\\eg3ca\\OneDrive\\Documentos\\GitHub\\123receitas.com\\Backend\\api\\controllers\\UsuarioController.js","statementMap":{"0":{"start":{"line":1,"column":15},"end":{"line":1,"column":32}},"1":{"start":{"line":2,"column":11},"end":{"line":2,"column":24}},"2":{"start":{"line":4,"column":0},"end":{"line":171,"column":2}},"3":{"start":{"line":6,"column":4},"end":{"line":61,"column":5}},"4":{"start":{"line":7,"column":6},"end":{"line":9,"column":7}},"5":{"start":{"line":8,"column":8},"end":{"line":8,"column":100}},"6":{"start":{"line":10,"column":6},"end":{"line":12,"column":7}},"7":{"start":{"line":11,"column":8},"end":{"line":11,"column":100}},"8":{"start":{"line":15,"column":24},"end":{"line":20,"column":8}},"9":{"start":{"line":21,"column":6},"end":{"line":23,"column":7}},"10":{"start":{"line":22,"column":8},"end":{"line":22,"column":80}},"11":{"start":{"line":25,"column":25},"end":{"line":25,"column":27}},"12":{"start":{"line":26,"column":6},"end":{"line":26,"column":69}},"13":{"start":{"line":28,"column":26},"end":{"line":33,"column":16}},"14":{"start":{"line":35,"column":6},"end":{"line":56,"column":9}},"15":{"start":{"line":36,"column":8},"end":{"line":38,"column":9}},"16":{"start":{"line":37,"column":10},"end":{"line":37,"column":83}},"17":{"start":{"line":40,"column":8},"end":{"line":52,"column":9}},"18":{"start":{"line":41,"column":23},"end":{"line":41,"column":37}},"19":{"start":{"line":42,"column":29},"end":{"line":42,"column":50}},"20":{"start":{"line":44,"column":10},"end":{"line":46,"column":11}},"21":{"start":{"line":45,"column":12},"end":{"line":45,"column":91}},"22":{"start":{"line":48,"column":10},"end":{"line":51,"column":13}},"23":{"start":{"line":54,"column":46},"end":{"line":54,"column":57}},"24":{"start":{"line":55,"column":8},"end":{"line":55,"column":53}},"25":{"start":{"line":59,"column":6},"end":{"line":59,"column":73}},"26":{"start":{"line":60,"column":6},"end":{"line":60,"column":94}},"27":{"start":{"line":65,"column":4},"end":{"line":75,"column":5}},"28":{"start":{"line":66,"column":23},"end":{"line":66,"column":43}},"29":{"start":{"line":67,"column":31},"end":{"line":70,"column":8}},"30":{"start":{"line":68,"column":39},"end":{"line":68,"column":46}},"31":{"start":{"line":69,"column":8},"end":{"line":69,"column":24}},"32":{"start":{"line":71,"column":6},"end":{"line":71,"column":40}},"33":{"start":{"line":73,"column":6},"end":{"line":73,"column":75}},"34":{"start":{"line":74,"column":6},"end":{"line":74,"column":96}},"35":{"start":{"line":79,"column":4},"end":{"line":93,"column":5}},"36":{"start":{"line":80,"column":6},"end":{"line":82,"column":7}},"37":{"start":{"line":81,"column":8},"end":{"line":81,"column":61}},"38":{"start":{"line":84,"column":22},"end":{"line":84,"column":66}},"39":{"start":{"line":85,"column":6},"end":{"line":87,"column":7}},"40":{"start":{"line":86,"column":8},"end":{"line":86,"column":72}},"41":{"start":{"line":88,"column":44},"end":{"line":88,"column":51}},"42":{"start":{"line":89,"column":6},"end":{"line":89,"column":39}},"43":{"start":{"line":91,"column":6},"end":{"line":91,"column":74}},"44":{"start":{"line":92,"column":6},"end":{"line":92,"column":95}},"45":{"start":{"line":97,"column":4},"end":{"line":135,"column":5}},"46":{"start":{"line":98,"column":6},"end":{"line":100,"column":7}},"47":{"start":{"line":99,"column":8},"end":{"line":99,"column":61}},"48":{"start":{"line":102,"column":6},"end":{"line":105,"column":7}},"49":{"start":{"line":103,"column":27},"end":{"line":103,"column":29}},"50":{"start":{"line":104,"column":8},"end":{"line":104,"column":71}},"51":{"start":{"line":107,"column":6},"end":{"line":131,"column":9}},"52":{"start":{"line":108,"column":8},"end":{"line":110,"column":9}},"53":{"start":{"line":109,"column":10},"end":{"line":109,"column":77}},"54":{"start":{"line":112,"column":8},"end":{"line":122,"column":9}},"55":{"start":{"line":113,"column":23},"end":{"line":113,"column":37}},"56":{"start":{"line":114,"column":29},"end":{"line":114,"column":50}},"57":{"start":{"line":116,"column":32},"end":{"line":116,"column":83}},"58":{"start":{"line":117,"column":10},"end":{"line":121,"column":11}},"59":{"start":{"line":118,"column":12},"end":{"line":118,"column":97}},"60":{"start":{"line":120,"column":12},"end":{"line":120,"column":86}},"61":{"start":{"line":124,"column":34},"end":{"line":124,"column":94}},"62":{"start":{"line":125,"column":8},"end":{"line":127,"column":9}},"63":{"start":{"line":126,"column":10},"end":{"line":126,"column":74}},"64":{"start":{"line":129,"column":49},"end":{"line":129,"column":66}},"65":{"start":{"line":130,"column":8},"end":{"line":130,"column":44}},"66":{"start":{"line":133,"column":6},"end":{"line":133,"column":77}},"67":{"start":{"line":134,"column":6},"end":{"line":134,"column":98}},"68":{"start":{"line":139,"column":4},"end":{"line":152,"column":5}},"69":{"start":{"line":140,"column":6},"end":{"line":142,"column":7}},"70":{"start":{"line":141,"column":8},"end":{"line":141,"column":61}},"71":{"start":{"line":144,"column":30},"end":{"line":144,"column":77}},"72":{"start":{"line":145,"column":6},"end":{"line":147,"column":7}},"73":{"start":{"line":146,"column":8},"end":{"line":146,"column":72}},"74":{"start":{"line":148,"column":6},"end":{"line":148,"column":68}},"75":{"start":{"line":150,"column":6},"end":{"line":150,"column":75}},"76":{"start":{"line":151,"column":6},"end":{"line":151,"column":96}},"77":{"start":{"line":156,"column":4},"end":{"line":169,"column":5}},"78":{"start":{"line":157,"column":21},"end":{"line":157,"column":34}},"79":{"start":{"line":158,"column":19},"end":{"line":158,"column":63}},"80":{"start":{"line":160,"column":6},"end":{"line":162,"column":7}},"81":{"start":{"line":161,"column":8},"end":{"line":161,"column":60}},"82":{"start":{"line":164,"column":6},"end":{"line":164,"column":44}},"83":{"start":{"line":165,"column":6},"end":{"line":165,"column":38}},"84":{"start":{"line":167,"column":6},"end":{"line":167,"column":71}},"85":{"start":{"line":168,"column":6},"end":{"line":168,"column":94}}},"fnMap":{"0":{"name":"(anonymous_0)","decl":{"start":{"line":5,"column":10},"end":{"line":5,"column":11}},"loc":{"start":{"line":5,"column":36},"end":{"line":62,"column":3}},"line":5},"1":{"name":"(anonymous_1)","decl":{"start":{"line":35,"column":36},"end":{"line":35,"column":37}},"loc":{"start":{"line":35,"column":61},"end":{"line":56,"column":7}},"line":35},"2":{"name":"(anonymous_2)","decl":{"start":{"line":64,"column":11},"end":{"line":64,"column":12}},"loc":{"start":{"line":64,"column":37},"end":{"line":76,"column":3}},"line":64},"3":{"name":"(anonymous_3)","decl":{"start":{"line":67,"column":44},"end":{"line":67,"column":45}},"loc":{"start":{"line":67,"column":55},"end":{"line":70,"column":7}},"line":67},"4":{"name":"(anonymous_4)","decl":{"start":{"line":78,"column":11},"end":{"line":78,"column":12}},"loc":{"start":{"line":78,"column":37},"end":{"line":94,"column":3}},"line":78},"5":{"name":"(anonymous_5)","decl":{"start":{"line":96,"column":10},"end":{"line":96,"column":11}},"loc":{"start":{"line":96,"column":36},"end":{"line":136,"column":3}},"line":96},"6":{"name":"(anonymous_6)","decl":{"start":{"line":107,"column":36},"end":{"line":107,"column":37}},"loc":{"start":{"line":107,"column":61},"end":{"line":131,"column":7}},"line":107},"7":{"name":"(anonymous_7)","decl":{"start":{"line":138,"column":10},"end":{"line":138,"column":11}},"loc":{"start":{"line":138,"column":36},"end":{"line":153,"column":3}},"line":138},"8":{"name":"(anonymous_8)","decl":{"start":{"line":155,"column":8},"end":{"line":155,"column":9}},"loc":{"start":{"line":155,"column":34},"end":{"line":170,"column":3}},"line":155}},"branchMap":{"0":{"loc":{"start":{"line":7,"column":6},"end":{"line":9,"column":7}},"type":"if","locations":[{"start":{"line":7,"column":6},"end":{"line":9,"column":7}},{"start":{},"end":{}}],"line":7},"1":{"loc":{"start":{"line":7,"column":10},"end":{"line":7,"column":83}},"type":"binary-expr","locations":[{"start":{"line":7,"column":10},"end":{"line":7,"column":24}},{"start":{"line":7,"column":28},"end":{"line":7,"column":43}},{"start":{"line":7,"column":47},"end":{"line":7,"column":64}},{"start":{"line":7,"column":68},"end":{"line":7,"column":83}}],"line":7},"2":{"loc":{"start":{"line":10,"column":6},"end":{"line":12,"column":7}},"type":"if","locations":[{"start":{"line":10,"column":6},"end":{"line":12,"column":7}},{"start":{},"end":{}}],"line":10},"3":{"loc":{"start":{"line":10,"column":10},"end":{"line":10,"column":83}},"type":"binary-expr","locations":[{"start":{"line":10,"column":10},"end":{"line":10,"column":24}},{"start":{"line":10,"column":28},"end":{"line":10,"column":43}},{"start":{"line":10,"column":47},"end":{"line":10,"column":64}},{"start":{"line":10,"column":68},"end":{"line":10,"column":83}}],"line":10},"4":{"loc":{"start":{"line":21,"column":6},"end":{"line":23,"column":7}},"type":"if","locations":[{"start":{"line":21,"column":6},"end":{"line":23,"column":7}},{"start":{},"end":{}}],"line":21},"5":{"loc":{"start":{"line":36,"column":8},"end":{"line":38,"column":9}},"type":"if","locations":[{"start":{"line":36,"column":8},"end":{"line":38,"column":9}},{"start":{},"end":{}}],"line":36},"6":{"loc":{"start":{"line":40,"column":8},"end":{"line":52,"column":9}},"type":"if","locations":[{"start":{"line":40,"column":8},"end":{"line":52,"column":9}},{"start":{},"end":{}}],"line":40},"7":{"loc":{"start":{"line":40,"column":12},"end":{"line":40,"column":43}},"type":"binary-expr","locations":[{"start":{"line":40,"column":12},"end":{"line":40,"column":20}},{"start":{"line":40,"column":24},"end":{"line":40,"column":43}}],"line":40},"8":{"loc":{"start":{"line":44,"column":10},"end":{"line":46,"column":11}},"type":"if","locations":[{"start":{"line":44,"column":10},"end":{"line":46,"column":11}},{"start":{},"end":{}}],"line":44},"9":{"loc":{"start":{"line":44,"column":14},"end":{"line":44,"column":52}},"type":"binary-expr","locations":[{"start":{"line":44,"column":14},"end":{"line":44,"column":25}},{"start":{"line":44,"column":29},"end":{"line":44,"column":52}}],"line":44},"10":{"loc":{"start":{"line":80,"column":6},"end":{"line":82,"column":7}},"type":"if","locations":[{"start":{"line":80,"column":6},"end":{"line":82,"column":7}},{"start":{},"end":{}}],"line":80},"11":{"loc":{"start":{"line":85,"column":6},"end":{"line":87,"column":7}},"type":"if","locations":[{"start":{"line":85,"column":6},"end":{"line":87,"column":7}},{"start":{},"end":{}}],"line":85},"12":{"loc":{"start":{"line":98,"column":6},"end":{"line":100,"column":7}},"type":"if","locations":[{"start":{"line":98,"column":6},"end":{"line":100,"column":7}},{"start":{},"end":{}}],"line":98},"13":{"loc":{"start":{"line":102,"column":6},"end":{"line":105,"column":7}},"type":"if","locations":[{"start":{"line":102,"column":6},"end":{"line":105,"column":7}},{"start":{},"end":{}}],"line":102},"14":{"loc":{"start":{"line":108,"column":8},"end":{"line":110,"column":9}},"type":"if","locations":[{"start":{"line":108,"column":8},"end":{"line":110,"column":9}},{"start":{},"end":{}}],"line":108},"15":{"loc":{"start":{"line":112,"column":8},"end":{"line":122,"column":9}},"type":"if","locations":[{"start":{"line":112,"column":8},"end":{"line":122,"column":9}},{"start":{},"end":{}}],"line":112},"16":{"loc":{"start":{"line":112,"column":12},"end":{"line":112,"column":43}},"type":"binary-expr","locations":[{"start":{"line":112,"column":12},"end":{"line":112,"column":20}},{"start":{"line":112,"column":24},"end":{"line":112,"column":43}}],"line":112},"17":{"loc":{"start":{"line":117,"column":10},"end":{"line":121,"column":11}},"type":"if","locations":[{"start":{"line":117,"column":10},"end":{"line":121,"column":11}},{"start":{"line":119,"column":17},"end":{"line":121,"column":11}}],"line":117},"18":{"loc":{"start":{"line":125,"column":8},"end":{"line":127,"column":9}},"type":"if","locations":[{"start":{"line":125,"column":8},"end":{"line":127,"column":9}},{"start":{},"end":{}}],"line":125},"19":{"loc":{"start":{"line":140,"column":6},"end":{"line":142,"column":7}},"type":"if","locations":[{"start":{"line":140,"column":6},"end":{"line":142,"column":7}},{"start":{},"end":{}}],"line":140},"20":{"loc":{"start":{"line":145,"column":6},"end":{"line":147,"column":7}},"type":"if","locations":[{"start":{"line":145,"column":6},"end":{"line":147,"column":7}},{"start":{},"end":{}}],"line":145},"21":{"loc":{"start":{"line":160,"column":6},"end":{"line":162,"column":7}},"type":"if","locations":[{"start":{"line":160,"column":6},"end":{"line":162,"column":7}},{"start":{},"end":{}}],"line":160},"22":{"loc":{"start":{"line":160,"column":10},"end":{"line":160,"column":34}},"type":"binary-expr","locations":[{"start":{"line":160,"column":10},"end":{"line":160,"column":15}},{"start":{"line":160,"column":19},"end":{"line":160,"column":34}}],"line":160}},"s":{"0":10,"1":10,"2":10,"3":44,"4":44,"5":6,"6":38,"7":0,"8":38,"9":38,"10":2,"11":36,"12":36,"13":36,"14":36,"15":36,"16":0,"17":36,"18":8,"19":8,"20":8,"21":2,"22":6,"23":34,"24":34,"25":0,"26":0,"27":2,"28":2,"29":2,"30":664,"31":664,"32":2,"33":0,"34":0,"35":6,"36":6,"37":2,"38":4,"39":4,"40":2,"41":2,"42":2,"43":0,"44":0,"45":8,"46":8,"47":2,"48":6,"49":0,"50":0,"51":6,"52":6,"53":0,"54":6,"55":2,"56":2,"57":2,"58":2,"59":0,"60":2,"61":6,"62":6,"63":2,"64":4,"65":4,"66":0,"67":0,"68":6,"69":6,"70":2,"71":4,"72":4,"73":2,"74":2,"75":0,"76":0,"77":6,"78":6,"79":6,"80":6,"81":4,"82":2,"83":2,"84":0,"85":0},"f":{"0":44,"1":36,"2":2,"3":664,"4":6,"5":8,"6":6,"7":6,"8":6},"b":{"0":[6,38],"1":[44,44,42,42],"2":[0,38],"3":[38,38,38,38],"4":[2,36],"5":[0,36],"6":[8,28],"7":[36,36],"8":[2,6],"9":[8,8],"10":[2,4],"11":[2,2],"12":[2,6],"13":[0,6],"14":[0,6],"15":[2,4],"16":[6,6],"17":[0,2],"18":[2,4],"19":[2,4],"20":[2,2],"21":[4,2],"22":[6,2]},"inputSourceMap":null,"_coverageSchema":"1a1c01bbd47fc00a2c39e90264f33305004495a9","hash":"b2f3df0c56aff12a062e0232363eaf72ff1b08d4"}
,"C:\\Users\\eg3ca\\OneDrive\\Documentos\\GitHub\\123receitas.com\\Backend\\api\\models\\Categoria.js": {"path":"C:\\Users\\eg3ca\\OneDrive\\Documentos\\GitHub\\123receitas.com\\Backend\\api\\models\\Categoria.js","statementMap":{"0":{"start":{"line":1,"column":0},"end":{"line":31,"column":2}}},"fnMap":{},"branchMap":{},"s":{"0":10},"f":{},"b":{},"inputSourceMap":null,"_coverageSchema":"1a1c01bbd47fc00a2c39e90264f33305004495a9","hash":"ac3e1ebab33ffe4ea14c82551b0f280e09951582"}
,"C:\\Users\\eg3ca\\OneDrive\\Documentos\\GitHub\\123receitas.com\\Backend\\api\\models\\Receita.js": {"path":"C:\\Users\\eg3ca\\OneDrive\\Documentos\\GitHub\\123receitas.com\\Backend\\api\\models\\Receita.js","statementMap":{"0":{"start":{"line":1,"column":0},"end":{"line":84,"column":2}}},"fnMap":{},"branchMap":{},"s":{"0":10},"f":{},"b":{},"inputSourceMap":null,"_coverageSchema":"1a1c01bbd47fc00a2c39e90264f33305004495a9","hash":"6b028242e482b64cc9e08cb20b6541b91cbc0d06"}
,"C:\\Users\\eg3ca\\OneDrive\\Documentos\\GitHub\\123receitas.com\\Backend\\api\\models\\ReceitaCategorias.js": {"path":"C:\\Users\\eg3ca\\OneDrive\\Documentos\\GitHub\\123receitas.com\\Backend\\api\\models\\ReceitaCategorias.js","statementMap":{"0":{"start":{"line":1,"column":0},"end":{"line":30,"column":2}}},"fnMap":{},"branchMap":{},"s":{"0":10},"f":{},"b":{},"inputSourceMap":null,"_coverageSchema":"1a1c01bbd47fc00a2c39e90264f33305004495a9","hash":"37ba2e6329d305f1037fb76162783daecfbb17e7"}
,"C:\\Users\\eg3ca\\OneDrive\\Documentos\\GitHub\\123receitas.com\\Backend\\api\\models\\ReceitaFoto.js": {"path":"C:\\Users\\eg3ca\\OneDrive\\Documentos\\GitHub\\123receitas.com\\Backend\\api\\models\\ReceitaFoto.js","statementMap":{"0":{"start":{"line":1,"column":0},"end":{"line":32,"column":2}}},"fnMap":{},"branchMap":{},"s":{"0":10},"f":{},"b":{},"inputSourceMap":null,"_coverageSchema":"1a1c01bbd47fc00a2c39e90264f33305004495a9","hash":"e6479d9e531bab16d78ed6b98935166e8d73de85"}
,"C:\\Users\\eg3ca\\OneDrive\\Documentos\\GitHub\\123receitas.com\\Backend\\api\\models\\User_Foto.js": {"path":"C:\\Users\\eg3ca\\OneDrive\\Documentos\\GitHub\\123receitas.com\\Backend\\api\\models\\User_Foto.js","statementMap":{"0":{"start":{"line":1,"column":0},"end":{"line":30,"column":2}}},"fnMap":{},"branchMap":{},"s":{"0":10},"f":{},"b":{},"inputSourceMap":null,"_coverageSchema":"1a1c01bbd47fc00a2c39e90264f33305004495a9","hash":"9503bbe473875b57381c33c8dab2d744e0911c10"}
,"C:\\Users\\eg3ca\\OneDrive\\Documentos\\GitHub\\123receitas.com\\Backend\\api\\models\\Usuario.js": {"path":"C:\\Users\\eg3ca\\OneDrive\\Documentos\\GitHub\\123receitas.com\\Backend\\api\\models\\Usuario.js","statementMap":{"0":{"start":{"line":1,"column":0},"end":{"line":46,"column":2}}},"fnMap":{},"branchMap":{},"s":{"0":10},"f":{},"b":{},"inputSourceMap":null,"_coverageSchema":"1a1c01bbd47fc00a2c39e90264f33305004495a9","hash":"e07933b41bb8200fbfebcbf671efa75655cf102d"}
,"C:\\Users\\eg3ca\\OneDrive\\Documentos\\GitHub\\123receitas.com\\Backend\\api\\policies\\isAuthorized.js": {"path":"C:\\Users\\eg3ca\\OneDrive\\Documentos\\GitHub\\123receitas.com\\Backend\\api\\policies\\isAuthorized.js","statementMap":{"0":{"start":{"line":1,"column":12},"end":{"line":1,"column":35}},"1":{"start":{"line":3,"column":0},"end":{"line":19,"column":2}},"2":{"start":{"line":4,"column":21},"end":{"line":4,"column":46}},"3":{"start":{"line":6,"column":2},"end":{"line":8,"column":3}},"4":{"start":{"line":7,"column":4},"end":{"line":7,"column":82}},"5":{"start":{"line":10,"column":16},"end":{"line":10,"column":40}},"6":{"start":{"line":12,"column":2},"end":{"line":18,"column":3}},"7":{"start":{"line":13,"column":20},"end":{"line":13,"column":61}},"8":{"start":{"line":14,"column":4},"end":{"line":14,"column":26}},"9":{"start":{"line":15,"column":4},"end":{"line":15,"column":21}},"10":{"start":{"line":17,"column":4},"end":{"line":17,"column":73}}},"fnMap":{"0":{"name":"(anonymous_0)","decl":{"start":{"line":3,"column":17},"end":{"line":3,"column":18}},"loc":{"start":{"line":3,"column":52},"end":{"line":19,"column":1}},"line":3}},"branchMap":{"0":{"loc":{"start":{"line":6,"column":2},"end":{"line":8,"column":3}},"type":"if","locations":[{"start":{"line":6,"column":2},"end":{"line":8,"column":3}},{"start":{},"end":{}}],"line":6},"1":{"loc":{"start":{"line":6,"column":6},"end":{"line":6,"column":54}},"type":"binary-expr","locations":[{"start":{"line":6,"column":6},"end":{"line":6,"column":17}},{"start":{"line":6,"column":21},"end":{"line":6,"column":54}}],"line":6}},"s":{"0":10,"1":10,"2":14,"3":14,"4":4,"5":10,"6":10,"7":10,"8":10,"9":10,"10":0},"f":{"0":14},"b":{"0":[4,10],"1":[14,10]},"inputSourceMap":null,"_coverageSchema":"1a1c01bbd47fc00a2c39e90264f33305004495a9","hash":"2bfe2f9a8689bd068342c3285bddd8f3f92cf6b0"}
,"C:\\Users\\eg3ca\\OneDrive\\Documentos\\GitHub\\123receitas.com\\Backend\\config\\blueprints.js": {"path":"C:\\Users\\eg3ca\\OneDrive\\Documentos\\GitHub\\123receitas.com\\Backend\\config\\blueprints.js","statementMap":{"0":{"start":{"line":12,"column":0},"end":{"line":41,"column":2}}},"fnMap":{},"branchMap":{},"s":{"0":10},"f":{},"b":{},"inputSourceMap":null,"_coverageSchema":"1a1c01bbd47fc00a2c39e90264f33305004495a9","hash":"f436331edf72f74456cd4db359c625af46793c6d"}
,"C:\\Users\\eg3ca\\OneDrive\\Documentos\\GitHub\\123receitas.com\\Backend\\config\\bootstrap.js": {"path":"C:\\Users\\eg3ca\\OneDrive\\Documentos\\GitHub\\123receitas.com\\Backend\\config\\bootstrap.js","statementMap":{"0":{"start":{"line":1,"column":0},"end":{"line":4,"column":2}},"1":{"start":{"line":2,"column":2},"end":{"line":2,"column":29}},"2":{"start":{"line":3,"column":2},"end":{"line":3,"column":34}}},"fnMap":{"0":{"name":"(anonymous_0)","decl":{"start":{"line":1,"column":27},"end":{"line":1,"column":28}},"loc":{"start":{"line":1,"column":44},"end":{"line":4,"column":1}},"line":1}},"branchMap":{},"s":{"0":10,"1":10,"2":10},"f":{"0":10},"b":{},"inputSourceMap":null,"_coverageSchema":"1a1c01bbd47fc00a2c39e90264f33305004495a9","hash":"cc173a867bbbbe7782b8eb7db27d21a99f2ba49c"}
,"C:\\Users\\eg3ca\\OneDrive\\Documentos\\GitHub\\123receitas.com\\Backend\\config\\custom.js": {"path":"C:\\Users\\eg3ca\\OneDrive\\Documentos\\GitHub\\123receitas.com\\Backend\\config\\custom.js","statementMap":{"0":{"start":{"line":11,"column":0},"end":{"line":22,"column":2}}},"fnMap":{},"branchMap":{},"s":{"0":10},"f":{},"b":{},"inputSourceMap":null,"_coverageSchema":"1a1c01bbd47fc00a2c39e90264f33305004495a9","hash":"d6efabaa3d5e34561e3e037c452e201c1a896498"}
,"C:\\Users\\eg3ca\\OneDrive\\Documentos\\GitHub\\123receitas.com\\Backend\\config\\datastores.js": {"path":"C:\\Users\\eg3ca\\OneDrive\\Documentos\\GitHub\\123receitas.com\\Backend\\config\\datastores.js","statementMap":{"0":{"start":{"line":1,"column":0},"end":{"line":6,"column":2}}},"fnMap":{},"branchMap":{},"s":{"0":10},"f":{},"b":{},"inputSourceMap":null,"_coverageSchema":"1a1c01bbd47fc00a2c39e90264f33305004495a9","hash":"d2781a55c96f038c6620a5050e6a5ff8ee99154d"}
,"C:\\Users\\eg3ca\\OneDrive\\Documentos\\GitHub\\123receitas.com\\Backend\\config\\globals.js": {"path":"C:\\Users\\eg3ca\\OneDrive\\Documentos\\GitHub\\123receitas.com\\Backend\\config\\globals.js","statementMap":{"0":{"start":{"line":12,"column":0},"end":{"line":52,"column":2}}},"fnMap":{},"branchMap":{},"s":{"0":10},"f":{},"b":{},"inputSourceMap":null,"_coverageSchema":"1a1c01bbd47fc00a2c39e90264f33305004495a9","hash":"1c6a5bbc2dac02f06788e255aa18b643664ad16b"}
,"C:\\Users\\eg3ca\\OneDrive\\Documentos\\GitHub\\123receitas.com\\Backend\\config\\http.js": {"path":"C:\\Users\\eg3ca\\OneDrive\\Documentos\\GitHub\\123receitas.com\\Backend\\config\\http.js","statementMap":{"0":{"start":{"line":1,"column":0},"end":{"line":14,"column":2}}},"fnMap":{},"branchMap":{},"s":{"0":10},"f":{},"b":{},"inputSourceMap":null,"_coverageSchema":"1a1c01bbd47fc00a2c39e90264f33305004495a9","hash":"ccf97a96e3be2f6e4ba5b774261cc1a68d63f6ff"}
,"C:\\Users\\eg3ca\\OneDrive\\Documentos\\GitHub\\123receitas.com\\Backend\\config\\i18n.js": {"path":"C:\\Users\\eg3ca\\OneDrive\\Documentos\\GitHub\\123receitas.com\\Backend\\config\\i18n.js","statementMap":{"0":{"start":{"line":15,"column":0},"end":{"line":45,"column":2}}},"fnMap":{},"branchMap":{},"s":{"0":10},"f":{},"b":{},"inputSourceMap":null,"_coverageSchema":"1a1c01bbd47fc00a2c39e90264f33305004495a9","hash":"9807a75b9dba2f4f172901101f5086fa7e4e38ec"}
,"C:\\Users\\eg3ca\\OneDrive\\Documentos\\GitHub\\123receitas.com\\Backend\\config\\log.js": {"path":"C:\\Users\\eg3ca\\OneDrive\\Documentos\\GitHub\\123receitas.com\\Backend\\config\\log.js","statementMap":{"0":{"start":{"line":13,"column":0},"end":{"line":29,"column":2}}},"fnMap":{},"branchMap":{},"s":{"0":10},"f":{},"b":{},"inputSourceMap":null,"_coverageSchema":"1a1c01bbd47fc00a2c39e90264f33305004495a9","hash":"d04f40efb8620b76b97ed29427a789315e8963bc"}
,"C:\\Users\\eg3ca\\OneDrive\\Documentos\\GitHub\\123receitas.com\\Backend\\config\\models.js": {"path":"C:\\Users\\eg3ca\\OneDrive\\Documentos\\GitHub\\123receitas.com\\Backend\\config\\models.js","statementMap":{"0":{"start":{"line":1,"column":0},"end":{"line":12,"column":2}}},"fnMap":{},"branchMap":{},"s":{"0":10},"f":{},"b":{},"inputSourceMap":null,"_coverageSchema":"1a1c01bbd47fc00a2c39e90264f33305004495a9","hash":"595aa70887815428cd3149a6085efb552e53ac98"}
,"C:\\Users\\eg3ca\\OneDrive\\Documentos\\GitHub\\123receitas.com\\Backend\\config\\policies.js": {"path":"C:\\Users\\eg3ca\\OneDrive\\Documentos\\GitHub\\123receitas.com\\Backend\\config\\policies.js","statementMap":{"0":{"start":{"line":1,"column":0},"end":{"line":11,"column":2}}},"fnMap":{},"branchMap":{},"s":{"0":10},"f":{},"b":{},"inputSourceMap":null,"_coverageSchema":"1a1c01bbd47fc00a2c39e90264f33305004495a9","hash":"90f19a7cddcbdc8fe9a4ae0edf435f6489bbd88f"}
,"C:\\Users\\eg3ca\\OneDrive\\Documentos\\GitHub\\123receitas.com\\Backend\\config\\routes.js": {"path":"C:\\Users\\eg3ca\\OneDrive\\Documentos\\GitHub\\123receitas.com\\Backend\\config\\routes.js","statementMap":{"0":{"start":{"line":1,"column":0},"end":{"line":47,"column":2}}},"fnMap":{},"branchMap":{},"s":{"0":10},"f":{},"b":{},"inputSourceMap":null,"_coverageSchema":"1a1c01bbd47fc00a2c39e90264f33305004495a9","hash":"bb4249afe245ff1c66cdb5fc54c9ec66e2de0fbc"}
,"C:\\Users\\eg3ca\\OneDrive\\Documentos\\GitHub\\123receitas.com\\Backend\\config\\security.js": {"path":"C:\\Users\\eg3ca\\OneDrive\\Documentos\\GitHub\\123receitas.com\\Backend\\config\\security.js","statementMap":{"0":{"start":{"line":1,"column":0},"end":{"line":8,"column":2}}},"fnMap":{},"branchMap":{},"s":{"0":10},"f":{},"b":{},"inputSourceMap":null,"_coverageSchema":"1a1c01bbd47fc00a2c39e90264f33305004495a9","hash":"930c2051e9a78140c4fb5026c400363e471d768b"}
,"C:\\Users\\eg3ca\\OneDrive\\Documentos\\GitHub\\123receitas.com\\Backend\\config\\session.js": {"path":"C:\\Users\\eg3ca\\OneDrive\\Documentos\\GitHub\\123receitas.com\\Backend\\config\\session.js","statementMap":{"0":{"start":{"line":12,"column":0},"end":{"line":39,"column":2}}},"fnMap":{},"branchMap":{},"s":{"0":10},"f":{},"b":{},"inputSourceMap":null,"_coverageSchema":"1a1c01bbd47fc00a2c39e90264f33305004495a9","hash":"8bbb591ad1111d12143945b692574047b646bb35"}
,"C:\\Users\\eg3ca\\OneDrive\\Documentos\\GitHub\\123receitas.com\\Backend\\config\\sockets.js": {"path":"C:\\Users\\eg3ca\\OneDrive\\Documentos\\GitHub\\123receitas.com\\Backend\\config\\sockets.js","statementMap":{"0":{"start":{"line":12,"column":0},"end":{"line":82,"column":2}}},"fnMap":{},"branchMap":{},"s":{"0":10},"f":{},"b":{},"inputSourceMap":null,"_coverageSchema":"1a1c01bbd47fc00a2c39e90264f33305004495a9","hash":"6b84fb134520dae9bf487b448f51fc63b83f347c"}
,"C:\\Users\\eg3ca\\OneDrive\\Documentos\\GitHub\\123receitas.com\\Backend\\config\\views.js": {"path":"C:\\Users\\eg3ca\\OneDrive\\Documentos\\GitHub\\123receitas.com\\Backend\\config\\views.js","statementMap":{"0":{"start":{"line":17,"column":0},"end":{"line":41,"column":2}}},"fnMap":{},"branchMap":{},"s":{"0":10},"f":{},"b":{},"inputSourceMap":null,"_coverageSchema":"1a1c01bbd47fc00a2c39e90264f33305004495a9","hash":"6ef052f0a5f727db1fc7d1ccdf994323e8a1a2aa"}
}
