TN:
SF:api\controllers\AuthController.js
FN:5,(anonymous_0)
FN:42,(anonymous_1)
FNF:2
FNH:2
FNDA:32,(anonymous_0)
FNDA:2,(anonymous_1)
DA:1,10
DA:2,10
DA:4,10
DA:6,32
DA:7,32
DA:9,32
DA:10,2
DA:13,30
DA:14,30
DA:15,2
DA:18,28
DA:19,28
DA:20,2
DA:23,26
DA:29,26
DA:31,26
DA:32,26
DA:36,26
DA:38,0
DA:43,2
DA:44,2
DA:45,2
DA:46,0
DA:49,2
DA:50,2
DA:54,2
DA:56,0
LF:27
LH:24
BRDA:9,0,0,2
BRDA:9,0,1,30
BRDA:9,1,0,32
BRDA:9,1,1,30
BRDA:14,2,0,2
BRDA:14,2,1,28
BRDA:19,3,0,2
BRDA:19,3,1,26
BRDA:32,4,0,2
BRDA:32,4,1,24
BRDA:45,5,0,0
BRDA:45,5,1,2
BRDA:50,6,0,0
BRDA:50,6,1,2
BRF:14
BRH:12
end_of_record
TN:
SF:api\controllers\CategoriaController.js
FN:2,(anonymous_0)
FN:18,(anonymous_1)
FN:27,(anonymous_2)
FN:39,(anonymous_3)
FN:55,(anonymous_4)
FNF:5
FNH:5
FNDA:6,(anonymous_0)
FNDA:2,(anonymous_1)
FNDA:2,(anonymous_2)
FNDA:2,(anonymous_3)
FNDA:4,(anonymous_4)
DA:1,10
DA:3,6
DA:4,6
DA:5,0
DA:8,6
DA:12,6
DA:14,0
DA:19,2
DA:20,2
DA:21,2
DA:23,0
DA:28,2
DA:29,2
DA:30,2
DA:31,0
DA:33,2
DA:35,0
DA:40,2
DA:41,2
DA:45,2
DA:46,0
DA:49,2
DA:51,0
DA:56,4
DA:57,4
DA:58,4
DA:59,2
DA:61,2
DA:63,0
LF:29
LH:21
BRDA:4,0,0,0
BRDA:4,0,1,6
BRDA:30,1,0,0
BRDA:30,1,1,2
BRDA:45,2,0,0
BRDA:45,2,1,2
BRDA:58,3,0,2
BRDA:58,3,1,2
BRF:8
BRH:5
end_of_record
TN:
SF:api\controllers\ReceitaCategoriasController.js
FN:2,(anonymous_0)
FN:16,(anonymous_1)
FN:25,(anonymous_2)
FNF:3
FNH:3
FNDA:2,(anonymous_0)
FNDA:2,(anonymous_1)
FNDA:4,(anonymous_2)
DA:1,10
DA:3,2
DA:4,2
DA:9,2
DA:11,0
DA:12,0
DA:17,2
DA:18,2
DA:19,2
DA:21,0
DA:26,4
DA:27,4
DA:28,4
DA:30,4
DA:31,2
DA:34,2
DA:36,0
LF:17
LH:13
BRDA:30,0,0,2
BRDA:30,0,1,2
BRF:2
BRH:2
end_of_record
TN:
SF:api\controllers\ReceitaController.js
FN:5,(anonymous_0)
FN:8,(anonymous_1)
FN:25,(anonymous_2)
FN:29,(anonymous_3)
FN:33,(anonymous_4)
FN:58,(anonymous_5)
FN:76,(anonymous_6)
FN:84,(anonymous_7)
FN:100,(anonymous_8)
FN:101,(anonymous_9)
FN:108,(anonymous_10)
FN:117,(anonymous_11)
FN:120,(anonymous_12)
FN:134,(anonymous_13)
FN:167,(anonymous_14)
FN:179,(anonymous_15)
FN:193,(anonymous_16)
FN:209,(anonymous_17)
FN:221,(anonymous_18)
FNF:19
FNH:19
FNDA:8,(anonymous_0)
FNDA:8,(anonymous_1)
FNDA:6,(anonymous_2)
FNDA:6,(anonymous_3)
FNDA:6,(anonymous_4)
FNDA:2,(anonymous_5)
FNDA:2,(anonymous_6)
FNDA:2,(anonymous_7)
FNDA:77,(anonymous_8)
FNDA:67,(anonymous_9)
FNDA:4,(anonymous_10)
FNDA:77,(anonymous_11)
FNDA:67,(anonymous_12)
FNDA:65,(anonymous_13)
FNDA:4,(anonymous_14)
FNDA:2,(anonymous_15)
FNDA:2,(anonymous_16)
FNDA:2,(anonymous_17)
FNDA:2,(anonymous_18)
DA:1,10
DA:3,10
DA:6,8
DA:8,8
DA:11,8
DA:23,8
DA:24,8
DA:25,6
DA:26,6
DA:30,6
DA:33,6
DA:38,5
DA:39,5
DA:45,7
DA:46,2
DA:48,2
DA:49,2
DA:50,2
DA:52,0
DA:53,0
DA:57,2
DA:58,2
DA:62,2
DA:64,0
DA:68,7
DA:71,0
DA:72,0
DA:77,2
DA:78,2
DA:79,2
DA:81,0
DA:85,2
DA:86,2
DA:87,0
DA:90,2
DA:92,2
DA:98,2
DA:101,77
DA:106,2
DA:107,2
DA:108,2
DA:109,4
DA:113,2
DA:114,2
DA:117,2
DA:119,77
DA:121,67
DA:122,0
DA:123,0
DA:125,67
DA:126,67
DA:127,0
DA:129,67
DA:134,77
DA:136,77
DA:161,2
DA:163,0
DA:168,4
DA:169,4
DA:170,2
DA:171,1
DA:173,1
DA:175,2
DA:180,2
DA:181,2
DA:183,2
DA:187,2
DA:188,0
DA:192,2
DA:193,2
DA:194,2
DA:202,2
DA:204,0
DA:205,0
DA:210,2
DA:211,2
DA:212,1
DA:213,0
DA:215,1
DA:217,1
DA:222,2
DA:223,2
DA:226,2
DA:227,1
DA:229,1
DA:230,1
DA:231,0
DA:234,1
DA:236,1
LF:89
LH:73
BRDA:24,0,0,6
BRDA:24,0,1,2
BRDA:24,1,0,8
BRDA:24,1,1,8
BRDA:30,2,0,0
BRDA:30,2,1,6
BRDA:45,3,0,2
BRDA:45,3,1,5
BRDA:48,4,0,2
BRDA:48,4,1,0
BRDA:57,5,0,2
BRDA:57,5,1,0
BRDA:86,6,0,0
BRDA:86,6,1,2
BRDA:114,7,0,2
BRDA:114,7,1,0
BRDA:119,8,0,77
BRDA:119,8,1,0
BRDA:121,9,0,0
BRDA:121,9,1,67
BRDA:126,10,0,0
BRDA:126,10,1,67
BRDA:134,11,0,77
BRDA:134,11,1,0
BRDA:170,12,0,1
BRDA:170,12,1,1
BRDA:187,13,0,0
BRDA:187,13,1,2
BRDA:192,14,0,2
BRDA:192,14,1,0
BRDA:192,15,0,2
BRDA:192,15,1,2
BRDA:212,16,0,0
BRDA:212,16,1,1
BRDA:230,17,0,0
BRDA:230,17,1,1
BRF:36
BRH:23
end_of_record
TN:
SF:api\controllers\ReceitaFotoController.js
FN:2,(anonymous_0)
FN:20,(anonymous_1)
FN:44,(anonymous_2)
FN:54,(anonymous_3)
FN:65,(anonymous_4)
FNF:5
FNH:5
FNDA:2,(anonymous_0)
FNDA:2,(anonymous_1)
FNDA:2,(anonymous_2)
FNDA:2,(anonymous_3)
FNDA:2,(anonymous_4)
DA:1,10
DA:3,2
DA:4,2
DA:6,2
DA:7,0
DA:10,2
DA:15,2
DA:17,0
DA:21,2
DA:22,2
DA:23,2
DA:24,2
DA:25,0
DA:28,2
DA:30,2
DA:34,2
DA:35,0
DA:38,2
DA:40,0
DA:45,2
DA:46,2
DA:47,2
DA:49,2
DA:50,2
DA:51,0
DA:54,2
DA:60,2
DA:62,0
DA:66,2
DA:67,2
DA:68,2
DA:69,2
DA:71,2
DA:72,0
DA:75,2
DA:76,2
DA:78,0
LF:37
LH:28
BRDA:6,0,0,0
BRDA:6,0,1,2
BRDA:6,1,0,2
BRDA:6,1,1,2
BRDA:24,2,0,0
BRDA:24,2,1,2
BRDA:34,3,0,0
BRDA:34,3,1,2
BRDA:50,4,0,0
BRDA:50,4,1,2
BRDA:50,5,0,2
BRDA:50,5,1,2
BRDA:71,6,0,0
BRDA:71,6,1,2
BRDA:71,7,0,2
BRDA:71,7,1,2
BRF:16
BRH:11
end_of_record
TN:
SF:api\controllers\UploadController.js
FN:4,(anonymous_0)
FN:7,(anonymous_1)
FNF:2
FNH:2
FNDA:4,(anonymous_0)
FNDA:4,(anonymous_1)
DA:1,10
DA:3,10
DA:5,4
DA:8,4
DA:9,0
DA:11,4
DA:12,2
DA:14,2
LF:8
LH:7
BRDA:8,0,0,0
BRDA:8,0,1,4
BRDA:11,1,0,2
BRDA:11,1,1,2
BRDA:11,2,0,4
BRDA:11,2,1,4
BRF:6
BRH:5
end_of_record
TN:
SF:api\controllers\UserFotoController.js
FN:2,(anonymous_0)
FN:25,(anonymous_1)
FN:44,(anonymous_2)
FNF:3
FNH:3
FNDA:6,(anonymous_0)
FNDA:6,(anonymous_1)
FNDA:4,(anonymous_2)
DA:1,10
DA:3,6
DA:4,6
DA:5,6
DA:6,2
DA:9,4
DA:10,2
DA:13,2
DA:18,2
DA:21,0
DA:22,0
DA:26,6
DA:27,6
DA:28,6
DA:29,2
DA:31,4
DA:34,4
DA:35,2
DA:38,2
DA:41,0
DA:45,4
DA:46,4
DA:48,4
DA:49,4
DA:50,2
DA:52,2
DA:53,2
DA:58,0
LF:28
LH:24
BRDA:5,0,0,2
BRDA:5,0,1,4
BRDA:9,1,0,2
BRDA:9,1,1,2
BRDA:28,2,0,2
BRDA:28,2,1,4
BRDA:34,3,0,2
BRDA:34,3,1,2
BRDA:49,4,0,2
BRDA:49,4,1,2
BRF:10
BRH:10
end_of_record
TN:
SF:api\controllers\UsuarioController.js
FN:5,(anonymous_0)
FN:35,(anonymous_1)
FN:64,(anonymous_2)
FN:67,(anonymous_3)
FN:78,(anonymous_4)
FN:96,(anonymous_5)
FN:107,(anonymous_6)
FN:138,(anonymous_7)
FN:155,(anonymous_8)
FNF:9
FNH:9
FNDA:44,(anonymous_0)
FNDA:36,(anonymous_1)
FNDA:2,(anonymous_2)
FNDA:664,(anonymous_3)
FNDA:6,(anonymous_4)
FNDA:8,(anonymous_5)
FNDA:6,(anonymous_6)
FNDA:6,(anonymous_7)
FNDA:6,(anonymous_8)
DA:1,10
DA:2,10
DA:4,10
DA:6,44
DA:7,44
DA:8,6
DA:10,38
DA:11,0
DA:15,38
DA:21,38
DA:22,2
DA:25,36
DA:26,36
DA:28,36
DA:35,36
DA:36,36
DA:37,0
DA:40,36
DA:41,8
DA:42,8
DA:44,8
DA:45,2
DA:48,6
DA:54,34
DA:55,34
DA:59,0
DA:60,0
DA:65,2
DA:66,2
DA:67,2
DA:68,664
DA:69,664
DA:71,2
DA:73,0
DA:74,0
DA:79,6
DA:80,6
DA:81,2
DA:84,4
DA:85,4
DA:86,2
DA:88,2
DA:89,2
DA:91,0
DA:92,0
DA:97,8
DA:98,8
DA:99,2
DA:102,6
DA:103,0
DA:104,0
DA:107,6
DA:108,6
DA:109,0
DA:112,6
DA:113,2
DA:114,2
DA:116,2
DA:117,2
DA:118,0
DA:120,2
DA:124,6
DA:125,6
DA:126,2
DA:129,4
DA:130,4
DA:133,0
DA:134,0
DA:139,6
DA:140,6
DA:141,2
DA:144,4
DA:145,4
DA:146,2
DA:148,2
DA:150,0
DA:151,0
DA:156,6
DA:157,6
DA:158,6
DA:160,6
DA:161,4
DA:164,2
DA:165,2
DA:167,0
DA:168,0
LF:86
LH:68
BRDA:7,0,0,6
BRDA:7,0,1,38
BRDA:7,1,0,44
BRDA:7,1,1,44
BRDA:7,1,2,42
BRDA:7,1,3,42
BRDA:10,2,0,0
BRDA:10,2,1,38
BRDA:10,3,0,38
BRDA:10,3,1,38
BRDA:10,3,2,38
BRDA:10,3,3,38
BRDA:21,4,0,2
BRDA:21,4,1,36
BRDA:36,5,0,0
BRDA:36,5,1,36
BRDA:40,6,0,8
BRDA:40,6,1,28
BRDA:40,7,0,36
BRDA:40,7,1,36
BRDA:44,8,0,2
BRDA:44,8,1,6
BRDA:44,9,0,8
BRDA:44,9,1,8
BRDA:80,10,0,2
BRDA:80,10,1,4
BRDA:85,11,0,2
BRDA:85,11,1,2
BRDA:98,12,0,2
BRDA:98,12,1,6
BRDA:102,13,0,0
BRDA:102,13,1,6
BRDA:108,14,0,0
BRDA:108,14,1,6
BRDA:112,15,0,2
BRDA:112,15,1,4
BRDA:112,16,0,6
BRDA:112,16,1,6
BRDA:117,17,0,0
BRDA:117,17,1,2
BRDA:125,18,0,2
BRDA:125,18,1,4
BRDA:140,19,0,2
BRDA:140,19,1,4
BRDA:145,20,0,2
BRDA:145,20,1,2
BRDA:160,21,0,4
BRDA:160,21,1,2
BRDA:160,22,0,6
BRDA:160,22,1,2
BRF:50
BRH:45
end_of_record
TN:
SF:api\models\Categoria.js
FNF:0
FNH:0
DA:1,10
LF:1
LH:1
BRF:0
BRH:0
end_of_record
TN:
SF:api\models\Receita.js
FNF:0
FNH:0
DA:1,10
LF:1
LH:1
BRF:0
BRH:0
end_of_record
TN:
SF:api\models\ReceitaCategorias.js
FNF:0
FNH:0
DA:1,10
LF:1
LH:1
BRF:0
BRH:0
end_of_record
TN:
SF:api\models\ReceitaFoto.js
FNF:0
FNH:0
DA:1,10
LF:1
LH:1
BRF:0
BRH:0
end_of_record
TN:
SF:api\models\User_Foto.js
FNF:0
FNH:0
DA:1,10
LF:1
LH:1
BRF:0
BRH:0
end_of_record
TN:
SF:api\models\Usuario.js
FNF:0
FNH:0
DA:1,10
LF:1
LH:1
BRF:0
BRH:0
end_of_record
TN:
SF:api\policies\isAuthorized.js
FN:3,(anonymous_0)
FNF:1
FNH:1
FNDA:14,(anonymous_0)
DA:1,10
DA:3,10
DA:4,14
DA:6,14
DA:7,4
DA:10,10
DA:12,10
DA:13,10
DA:14,10
DA:15,10
DA:17,0
LF:11
LH:10
BRDA:6,0,0,4
BRDA:6,0,1,10
BRDA:6,1,0,14
BRDA:6,1,1,10
BRF:4
BRH:4
end_of_record
TN:
SF:config\blueprints.js
FNF:0
FNH:0
DA:12,10
LF:1
LH:1
BRF:0
BRH:0
end_of_record
TN:
SF:config\bootstrap.js
FN:1,(anonymous_0)
FNF:1
FNH:1
FNDA:10,(anonymous_0)
DA:1,10
DA:2,10
DA:3,10
LF:3
LH:3
BRF:0
BRH:0
end_of_record
TN:
SF:config\custom.js
FNF:0
FNH:0
DA:11,10
LF:1
LH:1
BRF:0
BRH:0
end_of_record
TN:
SF:config\datastores.js
FNF:0
FNH:0
DA:1,10
LF:1
LH:1
BRF:0
BRH:0
end_of_record
TN:
SF:config\globals.js
FNF:0
FNH:0
DA:12,10
LF:1
LH:1
BRF:0
BRH:0
end_of_record
TN:
SF:config\http.js
FNF:0
FNH:0
DA:1,10
LF:1
LH:1
BRF:0
BRH:0
end_of_record
TN:
SF:config\i18n.js
FNF:0
FNH:0
DA:15,10
LF:1
LH:1
BRF:0
BRH:0
end_of_record
TN:
SF:config\log.js
FNF:0
FNH:0
DA:13,10
LF:1
LH:1
BRF:0
BRH:0
end_of_record
TN:
SF:config\models.js
FNF:0
FNH:0
DA:1,10
LF:1
LH:1
BRF:0
BRH:0
end_of_record
TN:
SF:config\policies.js
FNF:0
FNH:0
DA:1,10
LF:1
LH:1
BRF:0
BRH:0
end_of_record
TN:
SF:config\routes.js
FNF:0
FNH:0
DA:1,10
LF:1
LH:1
BRF:0
BRH:0
end_of_record
TN:
SF:config\security.js
FNF:0
FNH:0
DA:1,10
LF:1
LH:1
BRF:0
BRH:0
end_of_record
TN:
SF:config\session.js
FNF:0
FNH:0
DA:12,10
LF:1
LH:1
BRF:0
BRH:0
end_of_record
TN:
SF:config\sockets.js
FNF:0
FNH:0
DA:12,10
LF:1
LH:1
BRF:0
BRH:0
end_of_record
TN:
SF:config\views.js
FNF:0
FNH:0
DA:17,10
LF:1
LH:1
BRF:0
BRH:0
end_of_record
