TN:
SF:api\controllers\AuthController.js
FN:5,(anonymous_0)
FN:42,(anonymous_1)
FNF:2
FNH:2
FNDA:12,(anonymous_0)
FNDA:1,(anonymous_1)
DA:1,1
DA:2,1
DA:4,1
DA:6,12
DA:7,12
DA:9,12
DA:10,1
DA:13,11
DA:14,11
DA:15,1
DA:18,10
DA:19,10
DA:20,1
DA:23,9
DA:29,9
DA:31,9
DA:32,9
DA:36,9
DA:38,0
DA:43,1
DA:44,1
DA:45,1
DA:46,0
DA:49,1
DA:50,1
DA:54,1
DA:56,0
LF:27
LH:24
BRDA:9,0,0,1
BRDA:9,0,1,11
BRDA:9,1,0,12
BRDA:9,1,1,11
BRDA:14,2,0,1
BRDA:14,2,1,10
BRDA:19,3,0,1
BRDA:19,3,1,9
BRDA:32,4,0,1
BRDA:32,4,1,8
BRDA:45,5,0,0
BRDA:45,5,1,1
BRDA:50,6,0,0
BRDA:50,6,1,1
BRF:14
BRH:12
end_of_record
TN:
SF:api\controllers\CategoriaController.js
FN:2,(anonymous_0)
FN:18,(anonymous_1)
FN:27,(anonymous_2)
FN:39,(anonymous_3)
FN:55,(anonymous_4)
FNF:5
FNH:5
FNDA:3,(anonymous_0)
FNDA:1,(anonymous_1)
FNDA:1,(anonymous_2)
FNDA:1,(anonymous_3)
FNDA:2,(anonymous_4)
DA:1,1
DA:3,3
DA:4,3
DA:5,0
DA:8,3
DA:12,3
DA:14,0
DA:19,1
DA:20,1
DA:21,1
DA:23,0
DA:28,1
DA:29,1
DA:30,1
DA:31,0
DA:33,1
DA:35,0
DA:40,1
DA:41,1
DA:45,1
DA:46,0
DA:49,1
DA:51,0
DA:56,2
DA:57,2
DA:58,2
DA:59,1
DA:61,1
DA:63,0
LF:29
LH:21
BRDA:4,0,0,0
BRDA:4,0,1,3
BRDA:30,1,0,0
BRDA:30,1,1,1
BRDA:45,2,0,0
BRDA:45,2,1,1
BRDA:58,3,0,1
BRDA:58,3,1,1
BRF:8
BRH:5
end_of_record
TN:
SF:api\controllers\ReceitaCategoriasController.js
FN:2,(anonymous_0)
FN:16,(anonymous_1)
FN:25,(anonymous_2)
FNF:3
FNH:3
FNDA:1,(anonymous_0)
FNDA:1,(anonymous_1)
FNDA:2,(anonymous_2)
DA:1,1
DA:3,1
DA:4,1
DA:9,1
DA:11,0
DA:12,0
DA:17,1
DA:18,1
DA:19,1
DA:21,0
DA:26,2
DA:27,2
DA:28,2
DA:30,2
DA:31,1
DA:34,1
DA:36,0
LF:17
LH:13
BRDA:30,0,0,1
BRDA:30,0,1,1
BRF:2
BRH:2
end_of_record
TN:
SF:api\controllers\ReceitaController.js
FN:5,(anonymous_0)
FN:8,(anonymous_1)
FN:25,(anonymous_2)
FN:29,(anonymous_3)
FN:33,(anonymous_4)
FN:58,(anonymous_5)
FN:76,(anonymous_6)
FN:84,(anonymous_7)
FN:100,(anonymous_8)
FN:101,(anonymous_9)
FN:108,(anonymous_10)
FN:117,(anonymous_11)
FN:120,(anonymous_12)
FN:134,(anonymous_13)
FN:167,(anonymous_14)
FN:179,(anonymous_15)
FN:193,(anonymous_16)
FN:209,(anonymous_17)
FN:221,(anonymous_18)
FNF:19
FNH:19
FNDA:4,(anonymous_0)
FNDA:4,(anonymous_1)
FNDA:3,(anonymous_2)
FNDA:3,(anonymous_3)
FNDA:3,(anonymous_4)
FNDA:1,(anonymous_5)
FNDA:1,(anonymous_6)
FNDA:1,(anonymous_7)
FNDA:35,(anonymous_8)
FNDA:30,(anonymous_9)
FNDA:2,(anonymous_10)
FNDA:35,(anonymous_11)
FNDA:30,(anonymous_12)
FNDA:29,(anonymous_13)
FNDA:2,(anonymous_14)
FNDA:1,(anonymous_15)
FNDA:1,(anonymous_16)
FNDA:1,(anonymous_17)
FNDA:1,(anonymous_18)
DA:1,1
DA:3,1
DA:6,4
DA:8,4
DA:11,4
DA:23,4
DA:24,4
DA:25,3
DA:26,3
DA:30,3
DA:33,3
DA:38,3
DA:39,3
DA:45,4
DA:46,1
DA:48,1
DA:49,1
DA:50,1
DA:52,0
DA:53,0
DA:57,1
DA:58,1
DA:62,1
DA:64,0
DA:68,4
DA:71,0
DA:72,0
DA:77,1
DA:78,1
DA:79,1
DA:81,0
DA:85,1
DA:86,1
DA:87,0
DA:90,1
DA:92,1
DA:98,1
DA:101,35
DA:106,1
DA:107,1
DA:108,1
DA:109,2
DA:113,1
DA:114,1
DA:117,1
DA:119,35
DA:121,30
DA:122,0
DA:123,0
DA:125,30
DA:126,30
DA:127,0
DA:129,30
DA:134,35
DA:136,35
DA:161,1
DA:163,0
DA:168,2
DA:169,2
DA:170,2
DA:171,1
DA:173,1
DA:175,0
DA:180,1
DA:181,1
DA:183,1
DA:187,1
DA:188,0
DA:192,1
DA:193,1
DA:194,1
DA:202,1
DA:204,0
DA:205,0
DA:210,1
DA:211,1
DA:212,1
DA:213,0
DA:215,1
DA:217,0
DA:222,1
DA:223,1
DA:226,1
DA:227,1
DA:229,1
DA:230,1
DA:231,0
DA:234,1
DA:236,0
LF:89
LH:70
BRDA:24,0,0,3
BRDA:24,0,1,1
BRDA:24,1,0,4
BRDA:24,1,1,4
BRDA:30,2,0,0
BRDA:30,2,1,3
BRDA:45,3,0,1
BRDA:45,3,1,3
BRDA:48,4,0,1
BRDA:48,4,1,0
BRDA:57,5,0,1
BRDA:57,5,1,0
BRDA:86,6,0,0
BRDA:86,6,1,1
BRDA:114,7,0,1
BRDA:114,7,1,0
BRDA:119,8,0,35
BRDA:119,8,1,0
BRDA:121,9,0,0
BRDA:121,9,1,30
BRDA:126,10,0,0
BRDA:126,10,1,30
BRDA:134,11,0,35
BRDA:134,11,1,0
BRDA:170,12,0,1
BRDA:170,12,1,1
BRDA:187,13,0,0
BRDA:187,13,1,1
BRDA:192,14,0,1
BRDA:192,14,1,0
BRDA:192,15,0,1
BRDA:192,15,1,1
BRDA:212,16,0,0
BRDA:212,16,1,1
BRDA:230,17,0,0
BRDA:230,17,1,1
BRF:36
BRH:23
end_of_record
TN:
SF:api\controllers\ReceitaFotoController.js
FN:2,(anonymous_0)
FN:20,(anonymous_1)
FN:44,(anonymous_2)
FN:54,(anonymous_3)
FN:65,(anonymous_4)
FNF:5
FNH:5
FNDA:1,(anonymous_0)
FNDA:1,(anonymous_1)
FNDA:1,(anonymous_2)
FNDA:1,(anonymous_3)
FNDA:1,(anonymous_4)
DA:1,1
DA:3,1
DA:4,1
DA:6,1
DA:7,0
DA:10,1
DA:15,1
DA:17,0
DA:21,1
DA:22,1
DA:23,1
DA:24,1
DA:25,0
DA:28,1
DA:30,1
DA:34,1
DA:35,0
DA:38,1
DA:40,0
DA:45,1
DA:46,1
DA:47,1
DA:49,1
DA:50,1
DA:51,0
DA:54,1
DA:60,1
DA:62,0
DA:66,1
DA:67,1
DA:68,1
DA:69,1
DA:71,1
DA:72,0
DA:75,1
DA:76,1
DA:78,0
LF:37
LH:28
BRDA:6,0,0,0
BRDA:6,0,1,1
BRDA:6,1,0,1
BRDA:6,1,1,1
BRDA:24,2,0,0
BRDA:24,2,1,1
BRDA:34,3,0,0
BRDA:34,3,1,1
BRDA:50,4,0,0
BRDA:50,4,1,1
BRDA:50,5,0,1
BRDA:50,5,1,1
BRDA:71,6,0,0
BRDA:71,6,1,1
BRDA:71,7,0,1
BRDA:71,7,1,1
BRF:16
BRH:11
end_of_record
TN:
SF:api\controllers\UploadController.js
FN:4,(anonymous_0)
FN:7,(anonymous_1)
FNF:2
FNH:2
FNDA:2,(anonymous_0)
FNDA:2,(anonymous_1)
DA:1,1
DA:3,1
DA:5,2
DA:8,2
DA:9,0
DA:11,2
DA:12,1
DA:14,1
LF:8
LH:7
BRDA:8,0,0,0
BRDA:8,0,1,2
BRDA:11,1,0,1
BRDA:11,1,1,1
BRDA:11,2,0,2
BRDA:11,2,1,2
BRF:6
BRH:5
end_of_record
TN:
SF:api\controllers\UserFotoController.js
FN:2,(anonymous_0)
FN:25,(anonymous_1)
FN:44,(anonymous_2)
FNF:3
FNH:3
FNDA:3,(anonymous_0)
FNDA:3,(anonymous_1)
FNDA:2,(anonymous_2)
DA:1,1
DA:3,3
DA:4,3
DA:5,3
DA:6,1
DA:9,2
DA:10,1
DA:13,1
DA:18,1
DA:21,0
DA:22,0
DA:26,3
DA:27,3
DA:28,3
DA:29,1
DA:31,2
DA:34,2
DA:35,1
DA:38,1
DA:41,0
DA:45,2
DA:46,2
DA:48,2
DA:49,2
DA:50,1
DA:52,1
DA:53,1
DA:58,0
LF:28
LH:24
BRDA:5,0,0,1
BRDA:5,0,1,2
BRDA:9,1,0,1
BRDA:9,1,1,1
BRDA:28,2,0,1
BRDA:28,2,1,2
BRDA:34,3,0,1
BRDA:34,3,1,1
BRDA:49,4,0,1
BRDA:49,4,1,1
BRF:10
BRH:10
end_of_record
TN:
SF:api\controllers\UsuarioController.js
FN:5,(anonymous_0)
FN:35,(anonymous_1)
FN:64,(anonymous_2)
FN:67,(anonymous_3)
FN:78,(anonymous_4)
FN:96,(anonymous_5)
FN:107,(anonymous_6)
FN:138,(anonymous_7)
FN:155,(anonymous_8)
FNF:9
FNH:9
FNDA:18,(anonymous_0)
FNDA:14,(anonymous_1)
FNDA:1,(anonymous_2)
FNDA:289,(anonymous_3)
FNDA:3,(anonymous_4)
FNDA:4,(anonymous_5)
FNDA:3,(anonymous_6)
FNDA:3,(anonymous_7)
FNDA:3,(anonymous_8)
DA:1,1
DA:2,1
DA:4,1
DA:6,18
DA:7,18
DA:8,3
DA:10,15
DA:11,0
DA:15,15
DA:21,15
DA:22,1
DA:25,14
DA:26,14
DA:28,14
DA:35,14
DA:36,14
DA:37,0
DA:40,14
DA:41,4
DA:42,4
DA:44,4
DA:45,1
DA:48,3
DA:54,13
DA:55,13
DA:59,0
DA:60,0
DA:65,1
DA:66,1
DA:67,1
DA:68,289
DA:69,289
DA:71,1
DA:73,0
DA:74,0
DA:79,3
DA:80,3
DA:81,1
DA:84,2
DA:85,2
DA:86,1
DA:88,1
DA:89,1
DA:91,0
DA:92,0
DA:97,4
DA:98,4
DA:99,1
DA:102,3
DA:103,0
DA:104,0
DA:107,3
DA:108,3
DA:109,0
DA:112,3
DA:113,1
DA:114,1
DA:116,1
DA:117,1
DA:118,0
DA:120,1
DA:124,3
DA:125,3
DA:126,1
DA:129,2
DA:130,2
DA:133,0
DA:134,0
DA:139,3
DA:140,3
DA:141,1
DA:144,2
DA:145,2
DA:146,1
DA:148,1
DA:150,0
DA:151,0
DA:156,3
DA:157,3
DA:158,3
DA:160,3
DA:161,2
DA:164,1
DA:165,1
DA:167,0
DA:168,0
LF:86
LH:68
BRDA:7,0,0,3
BRDA:7,0,1,15
BRDA:7,1,0,18
BRDA:7,1,1,18
BRDA:7,1,2,17
BRDA:7,1,3,17
BRDA:10,2,0,0
BRDA:10,2,1,15
BRDA:10,3,0,15
BRDA:10,3,1,15
BRDA:10,3,2,15
BRDA:10,3,3,15
BRDA:21,4,0,1
BRDA:21,4,1,14
BRDA:36,5,0,0
BRDA:36,5,1,14
BRDA:40,6,0,4
BRDA:40,6,1,10
BRDA:40,7,0,14
BRDA:40,7,1,14
BRDA:44,8,0,1
BRDA:44,8,1,3
BRDA:44,9,0,4
BRDA:44,9,1,4
BRDA:80,10,0,1
BRDA:80,10,1,2
BRDA:85,11,0,1
BRDA:85,11,1,1
BRDA:98,12,0,1
BRDA:98,12,1,3
BRDA:102,13,0,0
BRDA:102,13,1,3
BRDA:108,14,0,0
BRDA:108,14,1,3
BRDA:112,15,0,1
BRDA:112,15,1,2
BRDA:112,16,0,3
BRDA:112,16,1,3
BRDA:117,17,0,0
BRDA:117,17,1,1
BRDA:125,18,0,1
BRDA:125,18,1,2
BRDA:140,19,0,1
BRDA:140,19,1,2
BRDA:145,20,0,1
BRDA:145,20,1,1
BRDA:160,21,0,2
BRDA:160,21,1,1
BRDA:160,22,0,3
BRDA:160,22,1,1
BRF:50
BRH:45
end_of_record
TN:
SF:api\models\Categoria.js
FNF:0
FNH:0
DA:1,1
LF:1
LH:1
BRF:0
BRH:0
end_of_record
TN:
SF:api\models\Receita.js
FNF:0
FNH:0
DA:1,1
LF:1
LH:1
BRF:0
BRH:0
end_of_record
TN:
SF:api\models\ReceitaCategorias.js
FNF:0
FNH:0
DA:1,1
LF:1
LH:1
BRF:0
BRH:0
end_of_record
TN:
SF:api\models\ReceitaFoto.js
FNF:0
FNH:0
DA:1,1
LF:1
LH:1
BRF:0
BRH:0
end_of_record
TN:
SF:api\models\User_Foto.js
FNF:0
FNH:0
DA:1,1
LF:1
LH:1
BRF:0
BRH:0
end_of_record
TN:
SF:api\models\Usuario.js
FNF:0
FNH:0
DA:1,1
LF:1
LH:1
BRF:0
BRH:0
end_of_record
TN:
SF:api\policies\isAuthorized.js
FN:3,(anonymous_0)
FNF:1
FNH:1
FNDA:7,(anonymous_0)
DA:1,1
DA:3,1
DA:4,7
DA:6,7
DA:7,2
DA:10,5
DA:12,5
DA:13,5
DA:14,5
DA:15,5
DA:17,0
LF:11
LH:10
BRDA:6,0,0,2
BRDA:6,0,1,5
BRDA:6,1,0,7
BRDA:6,1,1,5
BRF:4
BRH:4
end_of_record
TN:
SF:config\blueprints.js
FNF:0
FNH:0
DA:12,1
LF:1
LH:1
BRF:0
BRH:0
end_of_record
TN:
SF:config\bootstrap.js
FN:1,(anonymous_0)
FNF:1
FNH:1
FNDA:1,(anonymous_0)
DA:1,1
DA:2,1
DA:3,1
LF:3
LH:3
BRF:0
BRH:0
end_of_record
TN:
SF:config\custom.js
FNF:0
FNH:0
DA:11,1
LF:1
LH:1
BRF:0
BRH:0
end_of_record
TN:
SF:config\datastores.js
FNF:0
FNH:0
DA:1,1
LF:1
LH:1
BRF:0
BRH:0
end_of_record
TN:
SF:config\globals.js
FNF:0
FNH:0
DA:12,1
LF:1
LH:1
BRF:0
BRH:0
end_of_record
TN:
SF:config\http.js
FNF:0
FNH:0
DA:1,1
LF:1
LH:1
BRF:0
BRH:0
end_of_record
TN:
SF:config\i18n.js
FNF:0
FNH:0
DA:15,1
LF:1
LH:1
BRF:0
BRH:0
end_of_record
TN:
SF:config\log.js
FNF:0
FNH:0
DA:13,1
LF:1
LH:1
BRF:0
BRH:0
end_of_record
TN:
SF:config\models.js
FNF:0
FNH:0
DA:1,1
LF:1
LH:1
BRF:0
BRH:0
end_of_record
TN:
SF:config\policies.js
FNF:0
FNH:0
DA:1,1
LF:1
LH:1
BRF:0
BRH:0
end_of_record
TN:
SF:config\routes.js
FNF:0
FNH:0
DA:1,1
LF:1
LH:1
BRF:0
BRH:0
end_of_record
TN:
SF:config\security.js
FNF:0
FNH:0
DA:1,1
LF:1
LH:1
BRF:0
BRH:0
end_of_record
TN:
SF:config\session.js
FNF:0
FNH:0
DA:12,1
LF:1
LH:1
BRF:0
BRH:0
end_of_record
TN:
SF:config\sockets.js
FNF:0
FNH:0
DA:12,1
LF:1
LH:1
BRF:0
BRH:0
end_of_record
TN:
SF:config\views.js
FNF:0
FNH:0
DA:17,1
LF:1
LH:1
BRF:0
BRH:0
end_of_record
